#
# There is insufficient memory for the Java Runtime Environment to continue.
# Native memory allocation (malloc) failed to allocate 519136 bytes for Chunk::new
# Possible reasons:
#   The system is out of physical RAM or swap space
#   The process is running with CompressedOops enabled, and the Java Heap may be blocking the growth of the native heap
# Possible solutions:
#   Reduce memory load on the system
#   Increase physical memory or swap space
#   Check if swap backing store is full
#   Decrease Java heap size (-Xmx/-Xms)
#   Decrease number of Java threads
#   Decrease Java thread stack sizes (-Xss)
#   Set larger code cache with -XX:ReservedCodeCacheSize=
#   JVM is running with Unscaled Compressed Oops mode in which the Java heap is
#     placed in the first 4GB address space. The Java Heap base address is the
#     maximum limit for the native heap growth. Please use -XX:HeapBaseMinAddress
#     to set the Java Heap base and to place the Java Heap above 4GB virtual address.
# This output file may be truncated or incomplete.
#
#  Out of Memory Error (./src/hotspot/share/memory/arena.cpp:197), pid=9624, tid=10920
#
# JRE version: OpenJDK Runtime Environment Temurin-11.0.14.1+1 (11.0.14.1+1) (build 11.0.14.1+1)
# Java VM: OpenJDK 64-Bit Server VM Temurin-11.0.14.1+1 (11.0.14.1+1, mixed mode, tiered, compressed oops, g1 gc, windows-amd64)
# No core dump will be written. Minidumps are not enabled by default on client versions of Windows
#

---------------  S U M M A R Y ------------

Command Line: -XX:MaxGCPauseMillis=50 -agentlib:jdwp=transport=dt_shmem,address=javadebug -Dfile.encoding=UTF-8 bluej.runtime.ExecServer UTF-8

Host: AMD Ryzen 5 3450U with Radeon Vega Mobile Gfx  , 8 cores, 5G,  Windows 11 , 64 bit Build 22621 (10.0.22621.1635)
Time: Thu Jun  1 22:37:45 2023 Hora estándar central (México) elapsed time: 1941.614113 seconds (0d 0h 32m 21s)

---------------  T H R E A D  ---------------

Current thread (0x000001c0ffba4000):  JavaThread "C2 CompilerThread0" daemon [_thread_in_native, id=10920, stack(0x0000007021b00000,0x0000007021c00000)]


Current CompileTask:
C2:1941614 4702       4       java.lang.invoke.InvokerBytecodeGenerator::emitImplicitConversion (159 bytes)

Stack: [0x0000007021b00000,0x0000007021c00000]
Native frames: (J=compiled Java code, j=interpreted, Vv=VM code, C=native code)
V  [jvm.dll+0x61e59a]
V  [jvm.dll+0x7aaca9]
V  [jvm.dll+0x7ac398]
V  [jvm.dll+0x7aca73]
V  [jvm.dll+0x24f9b8]
V  [jvm.dll+0xc260c]
V  [jvm.dll+0xc2bcc]
V  [jvm.dll+0x2c1884]
V  [jvm.dll+0x52d899]
V  [jvm.dll+0x210fcd]
V  [jvm.dll+0x20ac34]
V  [jvm.dll+0x207ccb]
V  [jvm.dll+0x18a2c1]
V  [jvm.dll+0x217734]
V  [jvm.dll+0x21597b]
V  [jvm.dll+0x76d7c0]
V  [jvm.dll+0x766724]
V  [jvm.dll+0x61d3f6]
C  [ucrtbase.dll+0x29363]
C  [KERNEL32.DLL+0x126ad]
C  [ntdll.dll+0x5a9f8]


---------------  P R O C E S S  ---------------

Threads class SMR info:
_java_thread_list=0x000001c09d80acd0, length=24, elements={
0x000001c0ffb60800, 0x000001c0ffb8b800, 0x000001c094762800, 0x000001c0ffba1000,
0x000001c0ffba3000, 0x000001c0ffba4000, 0x000001c0ffbaf800, 0x000001c0ffbbb000,
0x000001c0948e9000, 0x000001c0948ee800, 0x000001c0948f1800, 0x000001c094907800,
0x000001c0948f2800, 0x000001c094d98800, 0x000001c094ead000, 0x000001c0f5ded800,
0x000001c095129800, 0x000001c095ceb000, 0x000001c095ce3000, 0x000001c095e56000,
0x000001c09487d000, 0x000001c09487a800, 0x000001c09487a000, 0x000001c09487b800
}

Java Threads: ( => current thread )
  0x000001c0ffb60800 JavaThread "Reference Handler" daemon [_thread_blocked, id=12712, stack(0x0000007021600000,0x0000007021700000)]
  0x000001c0ffb8b800 JavaThread "Finalizer" daemon [_thread_blocked, id=12580, stack(0x0000007021700000,0x0000007021800000)]
  0x000001c094762800 JavaThread "Signal Dispatcher" daemon [_thread_blocked, id=16468, stack(0x0000007021800000,0x0000007021900000)]
  0x000001c0ffba1000 JavaThread "Attach Listener" daemon [_thread_blocked, id=11064, stack(0x0000007021900000,0x0000007021a00000)]
  0x000001c0ffba3000 JavaThread "Service Thread" daemon [_thread_blocked, id=16696, stack(0x0000007021a00000,0x0000007021b00000)]
=>0x000001c0ffba4000 JavaThread "C2 CompilerThread0" daemon [_thread_in_native, id=10920, stack(0x0000007021b00000,0x0000007021c00000)]
  0x000001c0ffbaf800 JavaThread "C1 CompilerThread0" daemon [_thread_blocked, id=6728, stack(0x0000007021c00000,0x0000007021d00000)]
  0x000001c0ffbbb000 JavaThread "Sweeper thread" daemon [_thread_blocked, id=9768, stack(0x0000007021d00000,0x0000007021e00000)]
  0x000001c0948e9000 JavaThread "JDWP Transport Listener: dt_shmem" daemon [_thread_blocked, id=8388, stack(0x0000007021e00000,0x0000007021f00000)]
  0x000001c0948ee800 JavaThread "JDWP Event Helper Thread" daemon [_thread_blocked, id=4152, stack(0x0000007021f00000,0x0000007022000000)]
  0x000001c0948f1800 JavaThread "JDWP Command Reader" daemon [_thread_in_native, id=3908, stack(0x0000007022000000,0x0000007022100000)]
  0x000001c094907800 JavaThread "Common-Cleaner" daemon [_thread_blocked, id=17184, stack(0x0000007022200000,0x0000007022300000)]
  0x000001c0948f2800 JavaThread "Java2D Disposer" daemon [_thread_blocked, id=13524, stack(0x0000007022400000,0x0000007022500000)]
  0x000001c094d98800 JavaThread "AWT-Windows" daemon [_thread_in_native, id=12756, stack(0x0000007022600000,0x0000007022700000)]
  0x000001c094ead000 JavaThread "BlueJ worker thread" [_thread_blocked, id=3500, stack(0x0000007022800000,0x0000007022900000)]
  0x000001c0f5ded800 JavaThread "DestroyJavaVM" [_thread_blocked, id=7644, stack(0x0000007020f00000,0x0000007021000000)]
  0x000001c095129800 JavaThread "main" [_thread_blocked, id=5340, stack(0x0000007022900000,0x0000007022a00000)]
  0x000001c095ceb000 JavaThread "QuantumRenderer-0" daemon [_thread_blocked, id=1724, stack(0x0000007023900000,0x0000007023a00000)]
  0x000001c095ce3000 JavaThread "InvokeLaterDispatcher" daemon [_thread_blocked, id=3656, stack(0x0000007023a00000,0x0000007023b00000)]
  0x000001c095e56000 JavaThread "JavaFX Application Thread" [_thread_in_native, id=10656, stack(0x0000007023b00000,0x0000007023c00000)]
  0x000001c09487d000 JavaThread "Thread-2" daemon [_thread_in_native, id=6240, stack(0x0000007022700000,0x0000007022800000)]
  0x000001c09487a800 JavaThread "VMCommsSimulation" [_thread_in_native, id=13828, stack(0x0000007024200000,0x0000007024300000)]
  0x000001c09487a000 JavaThread "SimulationThread" [_thread_in_native, id=8932, stack(0x0000007024600000,0x0000007024700000)]
  0x000001c09487b800 JavaThread "Java Sound Event Dispatcher" daemon [_thread_blocked, id=8520, stack(0x0000007024300000,0x0000007024400000)]

Other Threads:
  0x000001c0ffb5f000 VMThread "VM Thread" [stack: 0x0000007021500000,0x0000007021600000] [id=17620]
  0x000001c094900000 WatcherThread [stack: 0x0000007022100000,0x0000007022200000] [id=2216]
  0x000001c0f5e03800 GCTaskThread "GC Thread#0" [stack: 0x0000007021000000,0x0000007021100000] [id=15976]
  0x000001c094cf1800 GCTaskThread "GC Thread#1" [stack: 0x0000007022300000,0x0000007022400000] [id=3212]
  0x000001c095730000 GCTaskThread "GC Thread#2" [stack: 0x0000007022500000,0x0000007022600000] [id=3220]
  0x000001c095730800 GCTaskThread "GC Thread#3" [stack: 0x0000007022a00000,0x0000007022b00000] [id=11888]
  0x000001c095019800 GCTaskThread "GC Thread#4" [stack: 0x0000007022b00000,0x0000007022c00000] [id=14820]
  0x000001c09501a800 GCTaskThread "GC Thread#5" [stack: 0x0000007022c00000,0x0000007022d00000] [id=6256]
  0x000001c09501b800 GCTaskThread "GC Thread#6" [stack: 0x0000007022d00000,0x0000007022e00000] [id=15180]
  0x000001c09501c000 GCTaskThread "GC Thread#7" [stack: 0x0000007022e00000,0x0000007022f00000] [id=5088]
  0x000001c0f5e2e000 ConcurrentGCThread "G1 Main Marker" [stack: 0x0000007021100000,0x0000007021200000] [id=9452]
  0x000001c0f5e2f000 ConcurrentGCThread "G1 Conc#0" [stack: 0x0000007021200000,0x0000007021300000] [id=9616]
  0x000001c095b69000 ConcurrentGCThread "G1 Conc#1" [stack: 0x0000007023800000,0x0000007023900000] [id=4012]
  0x000001c0f5eb5000 ConcurrentGCThread "G1 Refine#0" [stack: 0x0000007021300000,0x0000007021400000] [id=1488]
  0x000001c0f5eb8800 ConcurrentGCThread "G1 Young RemSet Sampling" [stack: 0x0000007021400000,0x0000007021500000] [id=11788]

Threads with active compile tasks:
C2 CompilerThread01941702 4702       4       java.lang.invoke.InvokerBytecodeGenerator::emitImplicitConversion (159 bytes)

VM state:not at safepoint (normal execution)

VM Mutex/Monitor currently owned by a thread: None

Heap address: 0x00000000a1c00000, size: 1508 MB, Compressed Oops mode: 32-bit
Narrow klass base: 0x0000000000000000, Narrow klass shift: 3
Compressed class space size: 1073741824 Address: 0x0000000100000000

Heap:
 garbage-first heap   total 359424K, used 126238K [0x00000000a1c00000, 0x0000000100000000)
  region size 1024K, 11 young (11264K), 2 survivors (2048K)
 Metaspace       used 21764K, capacity 22144K, committed 23168K, reserved 1071104K
  class space    used 1906K, capacity 2064K, committed 2432K, reserved 1048576K
Heap Regions: E=young(eden), S=young(survivor), O=old, HS=humongous(starts), HC=humongous(continues), CS=collection set, F=free, A=archive, TAMS=top-at-mark-start (previous, next)
|   0|0x00000000a1c00000, 0x00000000a1cffff8, 0x00000000a1d00000| 99%| O|  |TAMS 0x00000000a1cffff8, 0x00000000a1c00000| Untracked 
|   1|0x00000000a1d00000, 0x00000000a1de9260, 0x00000000a1e00000| 91%| O|  |TAMS 0x00000000a1de9260, 0x00000000a1d00000| Untracked 
|   2|0x00000000a1e00000, 0x00000000a1f00000, 0x00000000a1f00000|100%| O|  |TAMS 0x00000000a1f00000, 0x00000000a1e00000| Untracked 
|   3|0x00000000a1f00000, 0x00000000a1ffef88, 0x00000000a2000000| 99%| O|  |TAMS 0x00000000a1ffef88, 0x00000000a1f00000| Untracked 
|   4|0x00000000a2000000, 0x00000000a20f6178, 0x00000000a2100000| 96%| O|  |TAMS 0x00000000a20f6178, 0x00000000a2000000| Untracked 
|   5|0x00000000a2100000, 0x00000000a21edc60, 0x00000000a2200000| 92%| O|  |TAMS 0x00000000a21edc60, 0x00000000a2100000| Untracked 
|   6|0x00000000a2200000, 0x00000000a2300000, 0x00000000a2300000|100%|HS|  |TAMS 0x00000000a2300000, 0x00000000a2200000| Complete 
|   7|0x00000000a2300000, 0x00000000a2400000, 0x00000000a2400000|100%|HC|  |TAMS 0x00000000a2400000, 0x00000000a2300000| Complete 
|   8|0x00000000a2400000, 0x00000000a2500000, 0x00000000a2500000|100%|HC|  |TAMS 0x00000000a2500000, 0x00000000a2400000| Complete 
|   9|0x00000000a2500000, 0x00000000a2600000, 0x00000000a2600000|100%| O|  |TAMS 0x00000000a2600000, 0x00000000a2500000| Untracked 
|  10|0x00000000a2600000, 0x00000000a26b0720, 0x00000000a2700000| 68%| O|  |TAMS 0x00000000a26b0720, 0x00000000a2600000| Untracked 
|  11|0x00000000a2700000, 0x00000000a2790e60, 0x00000000a2800000| 56%| O|  |TAMS 0x00000000a2790e60, 0x00000000a2700000| Untracked 
|  12|0x00000000a2800000, 0x00000000a2900000, 0x00000000a2900000|100%| O|  |TAMS 0x00000000a2900000, 0x00000000a2800000| Untracked 
|  13|0x00000000a2900000, 0x00000000a2a00000, 0x00000000a2a00000|100%| O|  |TAMS 0x00000000a2a00000, 0x00000000a2900000| Untracked 
|  14|0x00000000a2a00000, 0x00000000a2a93e28, 0x00000000a2b00000| 57%| O|  |TAMS 0x00000000a2a93e28, 0x00000000a2a00000| Untracked 
|  15|0x00000000a2b00000, 0x00000000a2c00000, 0x00000000a2c00000|100%|HS|  |TAMS 0x00000000a2b00000, 0x00000000a2b00000| Complete 
|  16|0x00000000a2c00000, 0x00000000a2d00000, 0x00000000a2d00000|100%|HC|  |TAMS 0x00000000a2c00000, 0x00000000a2c00000| Complete 
|  17|0x00000000a2d00000, 0x00000000a2e00000, 0x00000000a2e00000|100%|HC|  |TAMS 0x00000000a2d00000, 0x00000000a2d00000| Complete 
|  18|0x00000000a2e00000, 0x00000000a2f00000, 0x00000000a2f00000|100%|HS|  |TAMS 0x00000000a2e00000, 0x00000000a2e00000| Complete 
|  19|0x00000000a2f00000, 0x00000000a3000000, 0x00000000a3000000|100%|HC|  |TAMS 0x00000000a2f00000, 0x00000000a2f00000| Complete 
|  20|0x00000000a3000000, 0x00000000a3100000, 0x00000000a3100000|100%|HC|  |TAMS 0x00000000a3000000, 0x00000000a3000000| Complete 
|  21|0x00000000a3100000, 0x00000000a3200000, 0x00000000a3200000|100%|HS|  |TAMS 0x00000000a3100000, 0x00000000a3100000| Complete 
|  22|0x00000000a3200000, 0x00000000a3300000, 0x00000000a3300000|100%|HC|  |TAMS 0x00000000a3200000, 0x00000000a3200000| Complete 
|  23|0x00000000a3300000, 0x00000000a3400000, 0x00000000a3400000|100%|HC|  |TAMS 0x00000000a3300000, 0x00000000a3300000| Complete 
|  24|0x00000000a3400000, 0x00000000a3500000, 0x00000000a3500000|100%| O|  |TAMS 0x00000000a3500000, 0x00000000a3400000| Untracked 
|  25|0x00000000a3500000, 0x00000000a3579660, 0x00000000a3600000| 47%| O|  |TAMS 0x00000000a3579660, 0x00000000a3500000| Untracked 
|  26|0x00000000a3600000, 0x00000000a3700000, 0x00000000a3700000|100%|HS|  |TAMS 0x00000000a3600000, 0x00000000a3600000| Complete 
|  27|0x00000000a3700000, 0x00000000a3800000, 0x00000000a3800000|100%|HC|  |TAMS 0x00000000a3700000, 0x00000000a3700000| Complete 
|  28|0x00000000a3800000, 0x00000000a3900000, 0x00000000a3900000|100%|HC|  |TAMS 0x00000000a3800000, 0x00000000a3800000| Complete 
|  29|0x00000000a3900000, 0x00000000a3a00000, 0x00000000a3a00000|100%|HS|  |TAMS 0x00000000a3900000, 0x00000000a3900000| Complete 
|  30|0x00000000a3a00000, 0x00000000a3b00000, 0x00000000a3b00000|100%|HC|  |TAMS 0x00000000a3a00000, 0x00000000a3a00000| Complete 
|  31|0x00000000a3b00000, 0x00000000a3c00000, 0x00000000a3c00000|100%|HC|  |TAMS 0x00000000a3b00000, 0x00000000a3b00000| Complete 
|  32|0x00000000a3c00000, 0x00000000a3d00000, 0x00000000a3d00000|100%| O|  |TAMS 0x00000000a3d00000, 0x00000000a3c00000| Untracked 
|  33|0x00000000a3d00000, 0x00000000a3e00000, 0x00000000a3e00000|100%|HS|  |TAMS 0x00000000a3e00000, 0x00000000a3d00000| Complete 
|  34|0x00000000a3e00000, 0x00000000a3f00000, 0x00000000a3f00000|100%|HC|  |TAMS 0x00000000a3f00000, 0x00000000a3e00000| Complete 
|  35|0x00000000a3f00000, 0x00000000a4000000, 0x00000000a4000000|100%|HC|  |TAMS 0x00000000a4000000, 0x00000000a3f00000| Complete 
|  36|0x00000000a4000000, 0x00000000a4100000, 0x00000000a4100000|100%|HS|  |TAMS 0x00000000a4100000, 0x00000000a4000000| Complete 
|  37|0x00000000a4100000, 0x00000000a4200000, 0x00000000a4200000|100%|HC|  |TAMS 0x00000000a4200000, 0x00000000a4100000| Complete 
|  38|0x00000000a4200000, 0x00000000a4300000, 0x00000000a4300000|100%|HC|  |TAMS 0x00000000a4300000, 0x00000000a4200000| Complete 
|  39|0x00000000a4300000, 0x00000000a4400000, 0x00000000a4400000|100%|HS|  |TAMS 0x00000000a4300000, 0x00000000a4300000| Complete 
|  40|0x00000000a4400000, 0x00000000a4500000, 0x00000000a4500000|100%|HC|  |TAMS 0x00000000a4400000, 0x00000000a4400000| Complete 
|  41|0x00000000a4500000, 0x00000000a4600000, 0x00000000a4600000|100%|HC|  |TAMS 0x00000000a4500000, 0x00000000a4500000| Complete 
|  42|0x00000000a4600000, 0x00000000a4700000, 0x00000000a4700000|100%|HS|  |TAMS 0x00000000a4700000, 0x00000000a4600000| Complete 
|  43|0x00000000a4700000, 0x00000000a4800000, 0x00000000a4800000|100%|HC|  |TAMS 0x00000000a4800000, 0x00000000a4700000| Complete 
|  44|0x00000000a4800000, 0x00000000a4900000, 0x00000000a4900000|100%|HC|  |TAMS 0x00000000a4900000, 0x00000000a4800000| Complete 
|  45|0x00000000a4900000, 0x00000000a4a00000, 0x00000000a4a00000|100%|HS|  |TAMS 0x00000000a4a00000, 0x00000000a4900000| Complete 
|  46|0x00000000a4a00000, 0x00000000a4b00000, 0x00000000a4b00000|100%|HC|  |TAMS 0x00000000a4b00000, 0x00000000a4a00000| Complete 
|  47|0x00000000a4b00000, 0x00000000a4c00000, 0x00000000a4c00000|100%|HC|  |TAMS 0x00000000a4c00000, 0x00000000a4b00000| Complete 
|  48|0x00000000a4c00000, 0x00000000a4d00000, 0x00000000a4d00000|100%|HC|  |TAMS 0x00000000a4d00000, 0x00000000a4c00000| Complete 
|  49|0x00000000a4d00000, 0x00000000a4e00000, 0x00000000a4e00000|100%|HC|  |TAMS 0x00000000a4e00000, 0x00000000a4d00000| Complete 
|  50|0x00000000a4e00000, 0x00000000a4f00000, 0x00000000a4f00000|100%|HS|  |TAMS 0x00000000a4f00000, 0x00000000a4e00000| Complete 
|  51|0x00000000a4f00000, 0x00000000a5000000, 0x00000000a5000000|100%|HC|  |TAMS 0x00000000a5000000, 0x00000000a4f00000| Complete 
|  52|0x00000000a5000000, 0x00000000a5100000, 0x00000000a5100000|100%|HC|  |TAMS 0x00000000a5100000, 0x00000000a5000000| Complete 
|  53|0x00000000a5100000, 0x00000000a5200000, 0x00000000a5200000|100%|HS|  |TAMS 0x00000000a5100000, 0x00000000a5100000| Complete 
|  54|0x00000000a5200000, 0x00000000a5300000, 0x00000000a5300000|100%|HC|  |TAMS 0x00000000a5200000, 0x00000000a5200000| Complete 
|  55|0x00000000a5300000, 0x00000000a5400000, 0x00000000a5400000|100%|HC|  |TAMS 0x00000000a5300000, 0x00000000a5300000| Complete 
|  56|0x00000000a5400000, 0x00000000a5500000, 0x00000000a5500000|100%|HS|  |TAMS 0x00000000a5400000, 0x00000000a5400000| Complete 
|  57|0x00000000a5500000, 0x00000000a5600000, 0x00000000a5600000|100%|HC|  |TAMS 0x00000000a5500000, 0x00000000a5500000| Complete 
|  58|0x00000000a5600000, 0x00000000a5700000, 0x00000000a5700000|100%|HC|  |TAMS 0x00000000a5600000, 0x00000000a5600000| Complete 
|  59|0x00000000a5700000, 0x00000000a5800000, 0x00000000a5800000|100%|HS|  |TAMS 0x00000000a5700000, 0x00000000a5700000| Complete 
|  60|0x00000000a5800000, 0x00000000a5900000, 0x00000000a5900000|100%|HC|  |TAMS 0x00000000a5800000, 0x00000000a5800000| Complete 
|  61|0x00000000a5900000, 0x00000000a5a00000, 0x00000000a5a00000|100%|HC|  |TAMS 0x00000000a5900000, 0x00000000a5900000| Complete 
|  62|0x00000000a5a00000, 0x00000000a5b00000, 0x00000000a5b00000|100%| O|  |TAMS 0x00000000a5b00000, 0x00000000a5a00000| Untracked 
|  63|0x00000000a5b00000, 0x00000000a5c00000, 0x00000000a5c00000|100%|HS|  |TAMS 0x00000000a5c00000, 0x00000000a5b00000| Complete 
|  64|0x00000000a5c00000, 0x00000000a5d00000, 0x00000000a5d00000|100%|HC|  |TAMS 0x00000000a5d00000, 0x00000000a5c00000| Complete 
|  65|0x00000000a5d00000, 0x00000000a5e00000, 0x00000000a5e00000|100%|HC|  |TAMS 0x00000000a5e00000, 0x00000000a5d00000| Complete 
|  66|0x00000000a5e00000, 0x00000000a5f00000, 0x00000000a5f00000|100%|HC|  |TAMS 0x00000000a5f00000, 0x00000000a5e00000| Complete 
|  67|0x00000000a5f00000, 0x00000000a6000000, 0x00000000a6000000|100%|HC|  |TAMS 0x00000000a6000000, 0x00000000a5f00000| Complete 
|  68|0x00000000a6000000, 0x00000000a6100000, 0x00000000a6100000|100%|HS|  |TAMS 0x00000000a6000000, 0x00000000a6000000| Complete 
|  69|0x00000000a6100000, 0x00000000a6200000, 0x00000000a6200000|100%|HC|  |TAMS 0x00000000a6100000, 0x00000000a6100000| Complete 
|  70|0x00000000a6200000, 0x00000000a6300000, 0x00000000a6300000|100%|HC|  |TAMS 0x00000000a6200000, 0x00000000a6200000| Complete 
|  71|0x00000000a6300000, 0x00000000a6400000, 0x00000000a6400000|100%|HS|  |TAMS 0x00000000a6300000, 0x00000000a6300000| Complete 
|  72|0x00000000a6400000, 0x00000000a6500000, 0x00000000a6500000|100%|HC|  |TAMS 0x00000000a6400000, 0x00000000a6400000| Complete 
|  73|0x00000000a6500000, 0x00000000a6600000, 0x00000000a6600000|100%|HC|  |TAMS 0x00000000a6500000, 0x00000000a6500000| Complete 
|  74|0x00000000a6600000, 0x00000000a6700000, 0x00000000a6700000|100%|HS|  |TAMS 0x00000000a6600000, 0x00000000a6600000| Complete 
|  75|0x00000000a6700000, 0x00000000a6800000, 0x00000000a6800000|100%|HC|  |TAMS 0x00000000a6700000, 0x00000000a6700000| Complete 
|  76|0x00000000a6800000, 0x00000000a6900000, 0x00000000a6900000|100%|HC|  |TAMS 0x00000000a6800000, 0x00000000a6800000| Complete 
|  77|0x00000000a6900000, 0x00000000a6a00000, 0x00000000a6a00000|100%| O|  |TAMS 0x00000000a6a00000, 0x00000000a6900000| Untracked 
|  78|0x00000000a6a00000, 0x00000000a6b00000, 0x00000000a6b00000|100%| O|  |TAMS 0x00000000a6b00000, 0x00000000a6a00000| Untracked 
|  79|0x00000000a6b00000, 0x00000000a6c00000, 0x00000000a6c00000|100%| O|  |TAMS 0x00000000a6c00000, 0x00000000a6b00000| Untracked 
|  80|0x00000000a6c00000, 0x00000000a6d00000, 0x00000000a6d00000|100%| O|  |TAMS 0x00000000a6d00000, 0x00000000a6c00000| Untracked 
|  81|0x00000000a6d00000, 0x00000000a6e00000, 0x00000000a6e00000|100%| O|  |TAMS 0x00000000a6e00000, 0x00000000a6d00000| Untracked 
|  82|0x00000000a6e00000, 0x00000000a6f00000, 0x00000000a6f00000|100%| O|  |TAMS 0x00000000a6f00000, 0x00000000a6e00000| Untracked 
|  83|0x00000000a6f00000, 0x00000000a7000000, 0x00000000a7000000|100%| O|  |TAMS 0x00000000a7000000, 0x00000000a6f00000| Untracked 
|  84|0x00000000a7000000, 0x00000000a7100000, 0x00000000a7100000|100%| O|  |TAMS 0x00000000a7100000, 0x00000000a7000000| Untracked 
|  85|0x00000000a7100000, 0x00000000a7200000, 0x00000000a7200000|100%| O|  |TAMS 0x00000000a7200000, 0x00000000a7100000| Untracked 
|  86|0x00000000a7200000, 0x00000000a7300000, 0x00000000a7300000|100%| O|  |TAMS 0x00000000a7300000, 0x00000000a7200000| Untracked 
|  87|0x00000000a7300000, 0x00000000a7400000, 0x00000000a7400000|100%| O|  |TAMS 0x00000000a7400000, 0x00000000a7300000| Untracked 
|  88|0x00000000a7400000, 0x00000000a7500000, 0x00000000a7500000|100%|HS|  |TAMS 0x00000000a7500000, 0x00000000a7400000| Complete 
|  89|0x00000000a7500000, 0x00000000a7600000, 0x00000000a7600000|100%|HC|  |TAMS 0x00000000a7600000, 0x00000000a7500000| Complete 
|  90|0x00000000a7600000, 0x00000000a7700000, 0x00000000a7700000|100%|HC|  |TAMS 0x00000000a7700000, 0x00000000a7600000| Complete 
|  91|0x00000000a7700000, 0x00000000a7800000, 0x00000000a7800000|100%|HC|  |TAMS 0x00000000a7800000, 0x00000000a7700000| Complete 
|  92|0x00000000a7800000, 0x00000000a7900000, 0x00000000a7900000|100%|HC|  |TAMS 0x00000000a7900000, 0x00000000a7800000| Complete 
|  93|0x00000000a7900000, 0x00000000a7a00000, 0x00000000a7a00000|100%|HS|  |TAMS 0x00000000a7900000, 0x00000000a7900000| Complete 
|  94|0x00000000a7a00000, 0x00000000a7b00000, 0x00000000a7b00000|100%|HC|  |TAMS 0x00000000a7a00000, 0x00000000a7a00000| Complete 
|  95|0x00000000a7b00000, 0x00000000a7c00000, 0x00000000a7c00000|100%|HC|  |TAMS 0x00000000a7b00000, 0x00000000a7b00000| Complete 
|  96|0x00000000a7c00000, 0x00000000a7d00000, 0x00000000a7d00000|100%|HS|  |TAMS 0x00000000a7c00000, 0x00000000a7c00000| Complete 
|  97|0x00000000a7d00000, 0x00000000a7e00000, 0x00000000a7e00000|100%|HC|  |TAMS 0x00000000a7d00000, 0x00000000a7d00000| Complete 
|  98|0x00000000a7e00000, 0x00000000a7f00000, 0x00000000a7f00000|100%|HC|  |TAMS 0x00000000a7e00000, 0x00000000a7e00000| Complete 
|  99|0x00000000a7f00000, 0x00000000a8000000, 0x00000000a8000000|100%|HS|  |TAMS 0x00000000a7f00000, 0x00000000a7f00000| Complete 
| 100|0x00000000a8000000, 0x00000000a8100000, 0x00000000a8100000|100%|HC|  |TAMS 0x00000000a8000000, 0x00000000a8000000| Complete 
| 101|0x00000000a8100000, 0x00000000a8200000, 0x00000000a8200000|100%|HC|  |TAMS 0x00000000a8100000, 0x00000000a8100000| Complete 
| 102|0x00000000a8200000, 0x00000000a8300000, 0x00000000a8300000|100%|HS|  |TAMS 0x00000000a8200000, 0x00000000a8200000| Complete 
| 103|0x00000000a8300000, 0x00000000a8400000, 0x00000000a8400000|100%|HC|  |TAMS 0x00000000a8300000, 0x00000000a8300000| Complete 
| 104|0x00000000a8400000, 0x00000000a8500000, 0x00000000a8500000|100%|HC|  |TAMS 0x00000000a8400000, 0x00000000a8400000| Complete 
| 105|0x00000000a8500000, 0x00000000a8500000, 0x00000000a8600000|  0%| F|  |TAMS 0x00000000a8500000, 0x00000000a8500000| Untracked 
| 106|0x00000000a8600000, 0x00000000a8600000, 0x00000000a8700000|  0%| F|  |TAMS 0x00000000a8600000, 0x00000000a8600000| Untracked 
| 107|0x00000000a8700000, 0x00000000a8700000, 0x00000000a8800000|  0%| F|  |TAMS 0x00000000a8700000, 0x00000000a8700000| Untracked 
| 108|0x00000000a8800000, 0x00000000a8800000, 0x00000000a8900000|  0%| F|  |TAMS 0x00000000a8800000, 0x00000000a8800000| Untracked 
| 109|0x00000000a8900000, 0x00000000a8900000, 0x00000000a8a00000|  0%| F|  |TAMS 0x00000000a8900000, 0x00000000a8900000| Untracked 
| 110|0x00000000a8a00000, 0x00000000a8a00000, 0x00000000a8b00000|  0%| F|  |TAMS 0x00000000a8a00000, 0x00000000a8a00000| Untracked 
| 111|0x00000000a8b00000, 0x00000000a8b00000, 0x00000000a8c00000|  0%| F|  |TAMS 0x00000000a8b00000, 0x00000000a8b00000| Untracked 
| 112|0x00000000a8c00000, 0x00000000a8c00000, 0x00000000a8d00000|  0%| F|  |TAMS 0x00000000a8c00000, 0x00000000a8c00000| Untracked 
| 113|0x00000000a8d00000, 0x00000000a8d00000, 0x00000000a8e00000|  0%| F|  |TAMS 0x00000000a8d00000, 0x00000000a8d00000| Untracked 
| 114|0x00000000a8e00000, 0x00000000a8e00000, 0x00000000a8f00000|  0%| F|  |TAMS 0x00000000a8e00000, 0x00000000a8e00000| Untracked 
| 115|0x00000000a8f00000, 0x00000000a8f00000, 0x00000000a9000000|  0%| F|  |TAMS 0x00000000a8f00000, 0x00000000a8f00000| Untracked 
| 116|0x00000000a9000000, 0x00000000a9000000, 0x00000000a9100000|  0%| F|  |TAMS 0x00000000a9000000, 0x00000000a9000000| Untracked 
| 117|0x00000000a9100000, 0x00000000a9100000, 0x00000000a9200000|  0%| F|  |TAMS 0x00000000a9100000, 0x00000000a9100000| Untracked 
| 118|0x00000000a9200000, 0x00000000a9200000, 0x00000000a9300000|  0%| F|  |TAMS 0x00000000a9200000, 0x00000000a9200000| Untracked 
| 119|0x00000000a9300000, 0x00000000a9300000, 0x00000000a9400000|  0%| F|  |TAMS 0x00000000a9300000, 0x00000000a9300000| Untracked 
| 120|0x00000000a9400000, 0x00000000a9400000, 0x00000000a9500000|  0%| F|  |TAMS 0x00000000a9400000, 0x00000000a9400000| Untracked 
| 121|0x00000000a9500000, 0x00000000a9500000, 0x00000000a9600000|  0%| F|  |TAMS 0x00000000a9500000, 0x00000000a9500000| Untracked 
| 122|0x00000000a9600000, 0x00000000a9600000, 0x00000000a9700000|  0%| F|  |TAMS 0x00000000a9600000, 0x00000000a9600000| Untracked 
| 123|0x00000000a9700000, 0x00000000a9700000, 0x00000000a9800000|  0%| F|  |TAMS 0x00000000a9700000, 0x00000000a9700000| Untracked 
| 124|0x00000000a9800000, 0x00000000a9800000, 0x00000000a9900000|  0%| F|  |TAMS 0x00000000a9800000, 0x00000000a9800000| Untracked 
| 125|0x00000000a9900000, 0x00000000a9900000, 0x00000000a9a00000|  0%| F|  |TAMS 0x00000000a9900000, 0x00000000a9900000| Untracked 
| 126|0x00000000a9a00000, 0x00000000a9a00000, 0x00000000a9b00000|  0%| F|  |TAMS 0x00000000a9a00000, 0x00000000a9a00000| Untracked 
| 127|0x00000000a9b00000, 0x00000000a9b00000, 0x00000000a9c00000|  0%| F|  |TAMS 0x00000000a9b00000, 0x00000000a9b00000| Untracked 
| 128|0x00000000a9c00000, 0x00000000a9c00000, 0x00000000a9d00000|  0%| F|  |TAMS 0x00000000a9c00000, 0x00000000a9c00000| Untracked 
| 129|0x00000000a9d00000, 0x00000000a9d00000, 0x00000000a9e00000|  0%| F|  |TAMS 0x00000000a9d00000, 0x00000000a9d00000| Untracked 
| 130|0x00000000a9e00000, 0x00000000a9e00000, 0x00000000a9f00000|  0%| F|  |TAMS 0x00000000a9e00000, 0x00000000a9e00000| Untracked 
| 131|0x00000000a9f00000, 0x00000000a9f00000, 0x00000000aa000000|  0%| F|  |TAMS 0x00000000a9f00000, 0x00000000a9f00000| Untracked 
| 132|0x00000000aa000000, 0x00000000aa000000, 0x00000000aa100000|  0%| F|  |TAMS 0x00000000aa000000, 0x00000000aa000000| Untracked 
| 133|0x00000000aa100000, 0x00000000aa100000, 0x00000000aa200000|  0%| F|  |TAMS 0x00000000aa100000, 0x00000000aa100000| Untracked 
| 134|0x00000000aa200000, 0x00000000aa200000, 0x00000000aa300000|  0%| F|  |TAMS 0x00000000aa200000, 0x00000000aa200000| Untracked 
| 135|0x00000000aa300000, 0x00000000aa300000, 0x00000000aa400000|  0%| F|  |TAMS 0x00000000aa300000, 0x00000000aa300000| Untracked 
| 136|0x00000000aa400000, 0x00000000aa400000, 0x00000000aa500000|  0%| F|  |TAMS 0x00000000aa400000, 0x00000000aa400000| Untracked 
| 137|0x00000000aa500000, 0x00000000aa500000, 0x00000000aa600000|  0%| F|  |TAMS 0x00000000aa500000, 0x00000000aa500000| Untracked 
| 138|0x00000000aa600000, 0x00000000aa600000, 0x00000000aa700000|  0%| F|  |TAMS 0x00000000aa600000, 0x00000000aa600000| Untracked 
| 139|0x00000000aa700000, 0x00000000aa700000, 0x00000000aa800000|  0%| F|  |TAMS 0x00000000aa700000, 0x00000000aa700000| Untracked 
| 140|0x00000000aa800000, 0x00000000aa800000, 0x00000000aa900000|  0%| F|  |TAMS 0x00000000aa800000, 0x00000000aa800000| Untracked 
| 141|0x00000000aa900000, 0x00000000aa900000, 0x00000000aaa00000|  0%| F|  |TAMS 0x00000000aa900000, 0x00000000aa900000| Untracked 
| 142|0x00000000aaa00000, 0x00000000aaa00000, 0x00000000aab00000|  0%| F|  |TAMS 0x00000000aaa00000, 0x00000000aaa00000| Untracked 
| 143|0x00000000aab00000, 0x00000000aab00000, 0x00000000aac00000|  0%| F|  |TAMS 0x00000000aab00000, 0x00000000aab00000| Untracked 
| 144|0x00000000aac00000, 0x00000000aac00000, 0x00000000aad00000|  0%| F|  |TAMS 0x00000000aac00000, 0x00000000aac00000| Untracked 
| 145|0x00000000aad00000, 0x00000000aad00000, 0x00000000aae00000|  0%| F|  |TAMS 0x00000000aad00000, 0x00000000aad00000| Untracked 
| 146|0x00000000aae00000, 0x00000000aae00000, 0x00000000aaf00000|  0%| F|  |TAMS 0x00000000aae00000, 0x00000000aae00000| Untracked 
| 147|0x00000000aaf00000, 0x00000000ab000000, 0x00000000ab000000|100%| O|  |TAMS 0x00000000ab000000, 0x00000000aaf00000| Untracked 
| 148|0x00000000ab000000, 0x00000000ab100000, 0x00000000ab100000|100%| O|  |TAMS 0x00000000ab100000, 0x00000000ab000000| Untracked 
| 149|0x00000000ab100000, 0x00000000ab10aa00, 0x00000000ab200000|  4%| O|  |TAMS 0x00000000ab10aa00, 0x00000000ab100000| Untracked 
| 150|0x00000000ab200000, 0x00000000ab300000, 0x00000000ab300000|100%| O|  |TAMS 0x00000000ab300000, 0x00000000ab200000| Untracked 
| 151|0x00000000ab300000, 0x00000000ab400000, 0x00000000ab400000|100%| O|  |TAMS 0x00000000ab400000, 0x00000000ab300000| Untracked 
| 152|0x00000000ab400000, 0x00000000ab500000, 0x00000000ab500000|100%| O|  |TAMS 0x00000000ab500000, 0x00000000ab400000| Untracked 
| 153|0x00000000ab500000, 0x00000000ab600000, 0x00000000ab600000|100%| O|  |TAMS 0x00000000ab600000, 0x00000000ab500000| Untracked 
| 154|0x00000000ab600000, 0x00000000ab700000, 0x00000000ab700000|100%| O|  |TAMS 0x00000000ab700000, 0x00000000ab600000| Untracked 
| 155|0x00000000ab700000, 0x00000000ab800000, 0x00000000ab800000|100%| O|  |TAMS 0x00000000ab800000, 0x00000000ab700000| Untracked 
| 156|0x00000000ab800000, 0x00000000ab900000, 0x00000000ab900000|100%| O|  |TAMS 0x00000000ab900000, 0x00000000ab800000| Untracked 
| 157|0x00000000ab900000, 0x00000000aba00000, 0x00000000aba00000|100%| O|  |TAMS 0x00000000aba00000, 0x00000000ab900000| Untracked 
| 158|0x00000000aba00000, 0x00000000abb00000, 0x00000000abb00000|100%| O|  |TAMS 0x00000000abb00000, 0x00000000aba00000| Untracked 
| 159|0x00000000abb00000, 0x00000000abb00000, 0x00000000abc00000|  0%| F|  |TAMS 0x00000000abb00000, 0x00000000abb00000| Untracked 
| 160|0x00000000abc00000, 0x00000000abc00000, 0x00000000abd00000|  0%| F|  |TAMS 0x00000000abc00000, 0x00000000abc00000| Untracked 
| 161|0x00000000abd00000, 0x00000000abd00000, 0x00000000abe00000|  0%| F|  |TAMS 0x00000000abd00000, 0x00000000abd00000| Untracked 
| 162|0x00000000abe00000, 0x00000000abe00000, 0x00000000abf00000|  0%| F|  |TAMS 0x00000000abe00000, 0x00000000abe00000| Untracked 
| 163|0x00000000abf00000, 0x00000000abf00000, 0x00000000ac000000|  0%| F|  |TAMS 0x00000000abf00000, 0x00000000abf00000| Untracked 
| 164|0x00000000ac000000, 0x00000000ac000000, 0x00000000ac100000|  0%| F|  |TAMS 0x00000000ac000000, 0x00000000ac000000| Untracked 
| 165|0x00000000ac100000, 0x00000000ac100000, 0x00000000ac200000|  0%| F|  |TAMS 0x00000000ac100000, 0x00000000ac100000| Untracked 
| 166|0x00000000ac200000, 0x00000000ac200000, 0x00000000ac300000|  0%| F|  |TAMS 0x00000000ac200000, 0x00000000ac200000| Untracked 
| 167|0x00000000ac300000, 0x00000000ac300000, 0x00000000ac400000|  0%| F|  |TAMS 0x00000000ac300000, 0x00000000ac300000| Untracked 
| 168|0x00000000ac400000, 0x00000000ac400000, 0x00000000ac500000|  0%| F|  |TAMS 0x00000000ac400000, 0x00000000ac400000| Untracked 
| 169|0x00000000ac500000, 0x00000000ac500000, 0x00000000ac600000|  0%| F|  |TAMS 0x00000000ac500000, 0x00000000ac500000| Untracked 
| 170|0x00000000ac600000, 0x00000000ac600000, 0x00000000ac700000|  0%| F|  |TAMS 0x00000000ac600000, 0x00000000ac600000| Untracked 
| 171|0x00000000ac700000, 0x00000000ac700000, 0x00000000ac800000|  0%| F|  |TAMS 0x00000000ac700000, 0x00000000ac700000| Untracked 
| 172|0x00000000ac800000, 0x00000000ac800000, 0x00000000ac900000|  0%| F|  |TAMS 0x00000000ac800000, 0x00000000ac800000| Untracked 
| 173|0x00000000ac900000, 0x00000000ac900000, 0x00000000aca00000|  0%| F|  |TAMS 0x00000000ac900000, 0x00000000ac900000| Untracked 
| 174|0x00000000aca00000, 0x00000000aca00000, 0x00000000acb00000|  0%| F|  |TAMS 0x00000000aca00000, 0x00000000aca00000| Untracked 
| 175|0x00000000acb00000, 0x00000000acb00000, 0x00000000acc00000|  0%| F|  |TAMS 0x00000000acb00000, 0x00000000acb00000| Untracked 
| 176|0x00000000acc00000, 0x00000000acc00000, 0x00000000acd00000|  0%| F|  |TAMS 0x00000000acc00000, 0x00000000acc00000| Untracked 
| 177|0x00000000acd00000, 0x00000000acd00000, 0x00000000ace00000|  0%| F|  |TAMS 0x00000000acd00000, 0x00000000acd00000| Untracked 
| 178|0x00000000ace00000, 0x00000000ace00000, 0x00000000acf00000|  0%| F|  |TAMS 0x00000000ace00000, 0x00000000ace00000| Untracked 
| 179|0x00000000acf00000, 0x00000000acf00000, 0x00000000ad000000|  0%| F|  |TAMS 0x00000000acf00000, 0x00000000acf00000| Untracked 
| 180|0x00000000ad000000, 0x00000000ad000000, 0x00000000ad100000|  0%| F|  |TAMS 0x00000000ad000000, 0x00000000ad000000| Untracked 
| 181|0x00000000ad100000, 0x00000000ad100000, 0x00000000ad200000|  0%| F|  |TAMS 0x00000000ad100000, 0x00000000ad100000| Untracked 
| 182|0x00000000ad200000, 0x00000000ad200000, 0x00000000ad300000|  0%| F|  |TAMS 0x00000000ad200000, 0x00000000ad200000| Untracked 
| 183|0x00000000ad300000, 0x00000000ad300000, 0x00000000ad400000|  0%| F|  |TAMS 0x00000000ad300000, 0x00000000ad300000| Untracked 
| 184|0x00000000ad400000, 0x00000000ad400000, 0x00000000ad500000|  0%| F|  |TAMS 0x00000000ad400000, 0x00000000ad400000| Untracked 
| 185|0x00000000ad500000, 0x00000000ad500000, 0x00000000ad600000|  0%| F|  |TAMS 0x00000000ad500000, 0x00000000ad500000| Untracked 
| 186|0x00000000ad600000, 0x00000000ad600000, 0x00000000ad700000|  0%| F|  |TAMS 0x00000000ad600000, 0x00000000ad600000| Untracked 
| 187|0x00000000ad700000, 0x00000000ad700000, 0x00000000ad800000|  0%| F|  |TAMS 0x00000000ad700000, 0x00000000ad700000| Untracked 
| 188|0x00000000ad800000, 0x00000000ad800000, 0x00000000ad900000|  0%| F|  |TAMS 0x00000000ad800000, 0x00000000ad800000| Untracked 
| 189|0x00000000ad900000, 0x00000000ad900000, 0x00000000ada00000|  0%| F|  |TAMS 0x00000000ad900000, 0x00000000ad900000| Untracked 
| 190|0x00000000ada00000, 0x00000000ada00000, 0x00000000adb00000|  0%| F|  |TAMS 0x00000000ada00000, 0x00000000ada00000| Untracked 
| 191|0x00000000adb00000, 0x00000000adb00000, 0x00000000adc00000|  0%| F|  |TAMS 0x00000000adb00000, 0x00000000adb00000| Untracked 
| 192|0x00000000adc00000, 0x00000000adc00000, 0x00000000add00000|  0%| F|  |TAMS 0x00000000adc00000, 0x00000000adc00000| Untracked 
| 193|0x00000000add00000, 0x00000000add00000, 0x00000000ade00000|  0%| F|  |TAMS 0x00000000add00000, 0x00000000add00000| Untracked 
| 194|0x00000000ade00000, 0x00000000ade00000, 0x00000000adf00000|  0%| F|  |TAMS 0x00000000ade00000, 0x00000000ade00000| Untracked 
| 195|0x00000000adf00000, 0x00000000adf00000, 0x00000000ae000000|  0%| F|  |TAMS 0x00000000adf00000, 0x00000000adf00000| Untracked 
| 196|0x00000000ae000000, 0x00000000ae000000, 0x00000000ae100000|  0%| F|  |TAMS 0x00000000ae000000, 0x00000000ae000000| Untracked 
| 197|0x00000000ae100000, 0x00000000ae100000, 0x00000000ae200000|  0%| F|  |TAMS 0x00000000ae100000, 0x00000000ae100000| Untracked 
| 198|0x00000000ae200000, 0x00000000ae200000, 0x00000000ae300000|  0%| F|  |TAMS 0x00000000ae200000, 0x00000000ae200000| Untracked 
| 199|0x00000000ae300000, 0x00000000ae300000, 0x00000000ae400000|  0%| F|  |TAMS 0x00000000ae300000, 0x00000000ae300000| Untracked 
| 200|0x00000000ae400000, 0x00000000ae400000, 0x00000000ae500000|  0%| F|  |TAMS 0x00000000ae400000, 0x00000000ae400000| Untracked 
| 201|0x00000000ae500000, 0x00000000ae500000, 0x00000000ae600000|  0%| F|  |TAMS 0x00000000ae500000, 0x00000000ae500000| Untracked 
| 202|0x00000000ae600000, 0x00000000ae600000, 0x00000000ae700000|  0%| F|  |TAMS 0x00000000ae600000, 0x00000000ae600000| Untracked 
| 203|0x00000000ae700000, 0x00000000ae700000, 0x00000000ae800000|  0%| F|  |TAMS 0x00000000ae700000, 0x00000000ae700000| Untracked 
| 204|0x00000000ae800000, 0x00000000ae800000, 0x00000000ae900000|  0%| F|  |TAMS 0x00000000ae800000, 0x00000000ae800000| Untracked 
| 205|0x00000000ae900000, 0x00000000ae900000, 0x00000000aea00000|  0%| F|  |TAMS 0x00000000ae900000, 0x00000000ae900000| Untracked 
| 206|0x00000000aea00000, 0x00000000aea00000, 0x00000000aeb00000|  0%| F|  |TAMS 0x00000000aea00000, 0x00000000aea00000| Untracked 
| 207|0x00000000aeb00000, 0x00000000aeb00000, 0x00000000aec00000|  0%| F|  |TAMS 0x00000000aeb00000, 0x00000000aeb00000| Untracked 
| 208|0x00000000aec00000, 0x00000000aec00000, 0x00000000aed00000|  0%| F|  |TAMS 0x00000000aec00000, 0x00000000aec00000| Untracked 
| 209|0x00000000aed00000, 0x00000000aed00000, 0x00000000aee00000|  0%| F|  |TAMS 0x00000000aed00000, 0x00000000aed00000| Untracked 
| 210|0x00000000aee00000, 0x00000000aee00000, 0x00000000aef00000|  0%| F|  |TAMS 0x00000000aee00000, 0x00000000aee00000| Untracked 
| 211|0x00000000aef00000, 0x00000000aef00000, 0x00000000af000000|  0%| F|  |TAMS 0x00000000aef00000, 0x00000000aef00000| Untracked 
| 212|0x00000000af000000, 0x00000000af000000, 0x00000000af100000|  0%| F|  |TAMS 0x00000000af000000, 0x00000000af000000| Untracked 
| 213|0x00000000af100000, 0x00000000af100000, 0x00000000af200000|  0%| F|  |TAMS 0x00000000af100000, 0x00000000af100000| Untracked 
| 214|0x00000000af200000, 0x00000000af200000, 0x00000000af300000|  0%| F|  |TAMS 0x00000000af200000, 0x00000000af200000| Untracked 
| 215|0x00000000af300000, 0x00000000af300000, 0x00000000af400000|  0%| F|  |TAMS 0x00000000af300000, 0x00000000af300000| Untracked 
| 216|0x00000000af400000, 0x00000000af400000, 0x00000000af500000|  0%| F|  |TAMS 0x00000000af400000, 0x00000000af400000| Untracked 
| 217|0x00000000af500000, 0x00000000af500000, 0x00000000af600000|  0%| F|  |TAMS 0x00000000af500000, 0x00000000af500000| Untracked 
| 218|0x00000000af600000, 0x00000000af600000, 0x00000000af700000|  0%| F|  |TAMS 0x00000000af600000, 0x00000000af600000| Untracked 
| 219|0x00000000af700000, 0x00000000af700000, 0x00000000af800000|  0%| F|  |TAMS 0x00000000af700000, 0x00000000af700000| Untracked 
| 220|0x00000000af800000, 0x00000000af800000, 0x00000000af900000|  0%| F|  |TAMS 0x00000000af800000, 0x00000000af800000| Untracked 
| 221|0x00000000af900000, 0x00000000af900000, 0x00000000afa00000|  0%| F|  |TAMS 0x00000000af900000, 0x00000000af900000| Untracked 
| 222|0x00000000afa00000, 0x00000000afa00000, 0x00000000afb00000|  0%| F|  |TAMS 0x00000000afa00000, 0x00000000afa00000| Untracked 
| 223|0x00000000afb00000, 0x00000000afb00000, 0x00000000afc00000|  0%| F|  |TAMS 0x00000000afb00000, 0x00000000afb00000| Untracked 
| 224|0x00000000afc00000, 0x00000000afc00000, 0x00000000afd00000|  0%| F|  |TAMS 0x00000000afc00000, 0x00000000afc00000| Untracked 
| 225|0x00000000afd00000, 0x00000000afd00000, 0x00000000afe00000|  0%| F|  |TAMS 0x00000000afd00000, 0x00000000afd00000| Untracked 
| 226|0x00000000afe00000, 0x00000000afe00000, 0x00000000aff00000|  0%| F|  |TAMS 0x00000000afe00000, 0x00000000afe00000| Untracked 
| 227|0x00000000aff00000, 0x00000000aff00000, 0x00000000b0000000|  0%| F|  |TAMS 0x00000000aff00000, 0x00000000aff00000| Untracked 
| 228|0x00000000b0000000, 0x00000000b0000000, 0x00000000b0100000|  0%| F|  |TAMS 0x00000000b0000000, 0x00000000b0000000| Untracked 
| 229|0x00000000b0100000, 0x00000000b0100000, 0x00000000b0200000|  0%| F|  |TAMS 0x00000000b0100000, 0x00000000b0100000| Untracked 
| 230|0x00000000b0200000, 0x00000000b0200000, 0x00000000b0300000|  0%| F|  |TAMS 0x00000000b0200000, 0x00000000b0200000| Untracked 
| 231|0x00000000b0300000, 0x00000000b0300000, 0x00000000b0400000|  0%| F|  |TAMS 0x00000000b0300000, 0x00000000b0300000| Untracked 
| 232|0x00000000b0400000, 0x00000000b0400000, 0x00000000b0500000|  0%| F|  |TAMS 0x00000000b0400000, 0x00000000b0400000| Untracked 
| 233|0x00000000b0500000, 0x00000000b0500000, 0x00000000b0600000|  0%| F|  |TAMS 0x00000000b0500000, 0x00000000b0500000| Untracked 
| 234|0x00000000b0600000, 0x00000000b0600000, 0x00000000b0700000|  0%| F|  |TAMS 0x00000000b0600000, 0x00000000b0600000| Untracked 
| 235|0x00000000b0700000, 0x00000000b0700000, 0x00000000b0800000|  0%| F|  |TAMS 0x00000000b0700000, 0x00000000b0700000| Untracked 
| 236|0x00000000b0800000, 0x00000000b0800000, 0x00000000b0900000|  0%| F|  |TAMS 0x00000000b0800000, 0x00000000b0800000| Untracked 
| 237|0x00000000b0900000, 0x00000000b0900000, 0x00000000b0a00000|  0%| F|  |TAMS 0x00000000b0900000, 0x00000000b0900000| Untracked 
| 238|0x00000000b0a00000, 0x00000000b0a00000, 0x00000000b0b00000|  0%| F|  |TAMS 0x00000000b0a00000, 0x00000000b0a00000| Untracked 
| 239|0x00000000b0b00000, 0x00000000b0b00000, 0x00000000b0c00000|  0%| F|  |TAMS 0x00000000b0b00000, 0x00000000b0b00000| Untracked 
| 240|0x00000000b0c00000, 0x00000000b0c00000, 0x00000000b0d00000|  0%| F|  |TAMS 0x00000000b0c00000, 0x00000000b0c00000| Untracked 
| 241|0x00000000b0d00000, 0x00000000b0d00000, 0x00000000b0e00000|  0%| F|  |TAMS 0x00000000b0d00000, 0x00000000b0d00000| Untracked 
| 242|0x00000000b0e00000, 0x00000000b0e00000, 0x00000000b0f00000|  0%| F|  |TAMS 0x00000000b0e00000, 0x00000000b0e00000| Untracked 
| 243|0x00000000b0f00000, 0x00000000b0f00000, 0x00000000b1000000|  0%| F|  |TAMS 0x00000000b0f00000, 0x00000000b0f00000| Untracked 
| 244|0x00000000b1000000, 0x00000000b1000000, 0x00000000b1100000|  0%| F|  |TAMS 0x00000000b1000000, 0x00000000b1000000| Untracked 
| 245|0x00000000b1100000, 0x00000000b1100000, 0x00000000b1200000|  0%| F|  |TAMS 0x00000000b1100000, 0x00000000b1100000| Untracked 
| 246|0x00000000b1200000, 0x00000000b1200000, 0x00000000b1300000|  0%| F|  |TAMS 0x00000000b1200000, 0x00000000b1200000| Untracked 
| 247|0x00000000b1300000, 0x00000000b1300000, 0x00000000b1400000|  0%| F|  |TAMS 0x00000000b1300000, 0x00000000b1300000| Untracked 
| 248|0x00000000b1400000, 0x00000000b1400000, 0x00000000b1500000|  0%| F|  |TAMS 0x00000000b1400000, 0x00000000b1400000| Untracked 
| 249|0x00000000b1500000, 0x00000000b1500000, 0x00000000b1600000|  0%| F|  |TAMS 0x00000000b1500000, 0x00000000b1500000| Untracked 
| 250|0x00000000b1600000, 0x00000000b1600000, 0x00000000b1700000|  0%| F|  |TAMS 0x00000000b1600000, 0x00000000b1600000| Untracked 
| 251|0x00000000b1700000, 0x00000000b1700000, 0x00000000b1800000|  0%| F|  |TAMS 0x00000000b1700000, 0x00000000b1700000| Untracked 
| 252|0x00000000b1800000, 0x00000000b1800000, 0x00000000b1900000|  0%| F|  |TAMS 0x00000000b1800000, 0x00000000b1800000| Untracked 
| 253|0x00000000b1900000, 0x00000000b1900000, 0x00000000b1a00000|  0%| F|  |TAMS 0x00000000b1900000, 0x00000000b1900000| Untracked 
| 254|0x00000000b1a00000, 0x00000000b1a00000, 0x00000000b1b00000|  0%| F|  |TAMS 0x00000000b1a00000, 0x00000000b1a00000| Untracked 
| 255|0x00000000b1b00000, 0x00000000b1b00000, 0x00000000b1c00000|  0%| F|  |TAMS 0x00000000b1b00000, 0x00000000b1b00000| Untracked 
| 256|0x00000000b1c00000, 0x00000000b1c00000, 0x00000000b1d00000|  0%| F|  |TAMS 0x00000000b1c00000, 0x00000000b1c00000| Untracked 
| 257|0x00000000b1d00000, 0x00000000b1d00000, 0x00000000b1e00000|  0%| F|  |TAMS 0x00000000b1d00000, 0x00000000b1d00000| Untracked 
| 258|0x00000000b1e00000, 0x00000000b1e00000, 0x00000000b1f00000|  0%| F|  |TAMS 0x00000000b1e00000, 0x00000000b1e00000| Untracked 
| 259|0x00000000b1f00000, 0x00000000b1f00000, 0x00000000b2000000|  0%| F|  |TAMS 0x00000000b1f00000, 0x00000000b1f00000| Untracked 
| 260|0x00000000b2000000, 0x00000000b2000000, 0x00000000b2100000|  0%| F|  |TAMS 0x00000000b2000000, 0x00000000b2000000| Untracked 
| 261|0x00000000b2100000, 0x00000000b2100000, 0x00000000b2200000|  0%| F|  |TAMS 0x00000000b2100000, 0x00000000b2100000| Untracked 
| 262|0x00000000b2200000, 0x00000000b2200000, 0x00000000b2300000|  0%| F|  |TAMS 0x00000000b2200000, 0x00000000b2200000| Untracked 
| 263|0x00000000b2300000, 0x00000000b2300000, 0x00000000b2400000|  0%| F|  |TAMS 0x00000000b2300000, 0x00000000b2300000| Untracked 
| 264|0x00000000b2400000, 0x00000000b2400000, 0x00000000b2500000|  0%| F|  |TAMS 0x00000000b2400000, 0x00000000b2400000| Untracked 
| 265|0x00000000b2500000, 0x00000000b2500000, 0x00000000b2600000|  0%| F|  |TAMS 0x00000000b2500000, 0x00000000b2500000| Untracked 
| 266|0x00000000b2600000, 0x00000000b2600000, 0x00000000b2700000|  0%| F|  |TAMS 0x00000000b2600000, 0x00000000b2600000| Untracked 
| 267|0x00000000b2700000, 0x00000000b2700000, 0x00000000b2800000|  0%| F|  |TAMS 0x00000000b2700000, 0x00000000b2700000| Untracked 
| 268|0x00000000b2800000, 0x00000000b2800000, 0x00000000b2900000|  0%| F|  |TAMS 0x00000000b2800000, 0x00000000b2800000| Untracked 
| 269|0x00000000b2900000, 0x00000000b2900000, 0x00000000b2a00000|  0%| F|  |TAMS 0x00000000b2900000, 0x00000000b2900000| Untracked 
| 270|0x00000000b2a00000, 0x00000000b2a00000, 0x00000000b2b00000|  0%| F|  |TAMS 0x00000000b2a00000, 0x00000000b2a00000| Untracked 
| 271|0x00000000b2b00000, 0x00000000b2b00000, 0x00000000b2c00000|  0%| F|  |TAMS 0x00000000b2b00000, 0x00000000b2b00000| Untracked 
| 272|0x00000000b2c00000, 0x00000000b2c00000, 0x00000000b2d00000|  0%| F|  |TAMS 0x00000000b2c00000, 0x00000000b2c00000| Untracked 
| 273|0x00000000b2d00000, 0x00000000b2d00000, 0x00000000b2e00000|  0%| F|  |TAMS 0x00000000b2d00000, 0x00000000b2d00000| Untracked 
| 274|0x00000000b2e00000, 0x00000000b2e00000, 0x00000000b2f00000|  0%| F|  |TAMS 0x00000000b2e00000, 0x00000000b2e00000| Untracked 
| 275|0x00000000b2f00000, 0x00000000b2f00000, 0x00000000b3000000|  0%| F|  |TAMS 0x00000000b2f00000, 0x00000000b2f00000| Untracked 
| 276|0x00000000b3000000, 0x00000000b3000000, 0x00000000b3100000|  0%| F|  |TAMS 0x00000000b3000000, 0x00000000b3000000| Untracked 
| 277|0x00000000b3100000, 0x00000000b3100000, 0x00000000b3200000|  0%| F|  |TAMS 0x00000000b3100000, 0x00000000b3100000| Untracked 
| 278|0x00000000b3200000, 0x00000000b3200000, 0x00000000b3300000|  0%| F|  |TAMS 0x00000000b3200000, 0x00000000b3200000| Untracked 
| 279|0x00000000b3300000, 0x00000000b3300000, 0x00000000b3400000|  0%| F|  |TAMS 0x00000000b3300000, 0x00000000b3300000| Untracked 
| 280|0x00000000b3400000, 0x00000000b3400000, 0x00000000b3500000|  0%| F|  |TAMS 0x00000000b3400000, 0x00000000b3400000| Untracked 
| 281|0x00000000b3500000, 0x00000000b3500000, 0x00000000b3600000|  0%| F|  |TAMS 0x00000000b3500000, 0x00000000b3500000| Untracked 
| 282|0x00000000b3600000, 0x00000000b3600000, 0x00000000b3700000|  0%| F|  |TAMS 0x00000000b3600000, 0x00000000b3600000| Untracked 
| 283|0x00000000b3700000, 0x00000000b3700000, 0x00000000b3800000|  0%| F|  |TAMS 0x00000000b3700000, 0x00000000b3700000| Untracked 
| 284|0x00000000b3800000, 0x00000000b3800000, 0x00000000b3900000|  0%| F|  |TAMS 0x00000000b3800000, 0x00000000b3800000| Untracked 
| 285|0x00000000b3900000, 0x00000000b3900000, 0x00000000b3a00000|  0%| F|  |TAMS 0x00000000b3900000, 0x00000000b3900000| Untracked 
| 286|0x00000000b3a00000, 0x00000000b3a00000, 0x00000000b3b00000|  0%| F|  |TAMS 0x00000000b3a00000, 0x00000000b3a00000| Untracked 
| 287|0x00000000b3b00000, 0x00000000b3b00000, 0x00000000b3c00000|  0%| F|  |TAMS 0x00000000b3b00000, 0x00000000b3b00000| Untracked 
| 288|0x00000000b3c00000, 0x00000000b3c00000, 0x00000000b3d00000|  0%| F|  |TAMS 0x00000000b3c00000, 0x00000000b3c00000| Untracked 
| 289|0x00000000b3d00000, 0x00000000b3d00000, 0x00000000b3e00000|  0%| F|  |TAMS 0x00000000b3d00000, 0x00000000b3d00000| Untracked 
| 290|0x00000000b3e00000, 0x00000000b3e00000, 0x00000000b3f00000|  0%| F|  |TAMS 0x00000000b3e00000, 0x00000000b3e00000| Untracked 
| 291|0x00000000b3f00000, 0x00000000b3f00000, 0x00000000b4000000|  0%| F|  |TAMS 0x00000000b3f00000, 0x00000000b3f00000| Untracked 
| 292|0x00000000b4000000, 0x00000000b4000000, 0x00000000b4100000|  0%| F|  |TAMS 0x00000000b4000000, 0x00000000b4000000| Untracked 
| 293|0x00000000b4100000, 0x00000000b4100000, 0x00000000b4200000|  0%| F|  |TAMS 0x00000000b4100000, 0x00000000b4100000| Untracked 
| 294|0x00000000b4200000, 0x00000000b4200000, 0x00000000b4300000|  0%| F|  |TAMS 0x00000000b4200000, 0x00000000b4200000| Untracked 
| 295|0x00000000b4300000, 0x00000000b4300000, 0x00000000b4400000|  0%| F|  |TAMS 0x00000000b4300000, 0x00000000b4300000| Untracked 
| 296|0x00000000b4400000, 0x00000000b4400000, 0x00000000b4500000|  0%| F|  |TAMS 0x00000000b4400000, 0x00000000b4400000| Untracked 
| 297|0x00000000b4500000, 0x00000000b4500000, 0x00000000b4600000|  0%| F|  |TAMS 0x00000000b4500000, 0x00000000b4500000| Untracked 
| 298|0x00000000b4600000, 0x00000000b4600000, 0x00000000b4700000|  0%| F|  |TAMS 0x00000000b4600000, 0x00000000b4600000| Untracked 
| 299|0x00000000b4700000, 0x00000000b4700000, 0x00000000b4800000|  0%| F|  |TAMS 0x00000000b4700000, 0x00000000b4700000| Untracked 
| 300|0x00000000b4800000, 0x00000000b4800000, 0x00000000b4900000|  0%| F|  |TAMS 0x00000000b4800000, 0x00000000b4800000| Untracked 
| 301|0x00000000b4900000, 0x00000000b4900000, 0x00000000b4a00000|  0%| F|  |TAMS 0x00000000b4900000, 0x00000000b4900000| Untracked 
| 302|0x00000000b4a00000, 0x00000000b4a00000, 0x00000000b4b00000|  0%| F|  |TAMS 0x00000000b4a00000, 0x00000000b4a00000| Untracked 
| 303|0x00000000b4b00000, 0x00000000b4b00000, 0x00000000b4c00000|  0%| F|  |TAMS 0x00000000b4b00000, 0x00000000b4b00000| Untracked 
| 304|0x00000000b4c00000, 0x00000000b4c00000, 0x00000000b4d00000|  0%| F|  |TAMS 0x00000000b4c00000, 0x00000000b4c00000| Untracked 
| 305|0x00000000b4d00000, 0x00000000b4d00000, 0x00000000b4e00000|  0%| F|  |TAMS 0x00000000b4d00000, 0x00000000b4d00000| Untracked 
| 306|0x00000000b4e00000, 0x00000000b4e00000, 0x00000000b4f00000|  0%| F|  |TAMS 0x00000000b4e00000, 0x00000000b4e00000| Untracked 
| 307|0x00000000b4f00000, 0x00000000b4f00000, 0x00000000b5000000|  0%| F|  |TAMS 0x00000000b4f00000, 0x00000000b4f00000| Untracked 
| 308|0x00000000b5000000, 0x00000000b5000000, 0x00000000b5100000|  0%| F|  |TAMS 0x00000000b5000000, 0x00000000b5000000| Untracked 
| 309|0x00000000b5100000, 0x00000000b5100000, 0x00000000b5200000|  0%| F|  |TAMS 0x00000000b5100000, 0x00000000b5100000| Untracked 
| 310|0x00000000b5200000, 0x00000000b5200000, 0x00000000b5300000|  0%| F|  |TAMS 0x00000000b5200000, 0x00000000b5200000| Untracked 
| 311|0x00000000b5300000, 0x00000000b5300000, 0x00000000b5400000|  0%| F|  |TAMS 0x00000000b5300000, 0x00000000b5300000| Untracked 
| 312|0x00000000b5400000, 0x00000000b5400000, 0x00000000b5500000|  0%| F|  |TAMS 0x00000000b5400000, 0x00000000b5400000| Untracked 
| 313|0x00000000b5500000, 0x00000000b5500000, 0x00000000b5600000|  0%| F|  |TAMS 0x00000000b5500000, 0x00000000b5500000| Untracked 
| 314|0x00000000b5600000, 0x00000000b5600000, 0x00000000b5700000|  0%| F|  |TAMS 0x00000000b5600000, 0x00000000b5600000| Untracked 
| 315|0x00000000b5700000, 0x00000000b5700000, 0x00000000b5800000|  0%| F|  |TAMS 0x00000000b5700000, 0x00000000b5700000| Untracked 
| 316|0x00000000b5800000, 0x00000000b5800000, 0x00000000b5900000|  0%| F|  |TAMS 0x00000000b5800000, 0x00000000b5800000| Untracked 
| 317|0x00000000b5900000, 0x00000000b5900000, 0x00000000b5a00000|  0%| F|  |TAMS 0x00000000b5900000, 0x00000000b5900000| Untracked 
| 318|0x00000000b5a00000, 0x00000000b5a00000, 0x00000000b5b00000|  0%| F|  |TAMS 0x00000000b5a00000, 0x00000000b5a00000| Untracked 
| 319|0x00000000b5b00000, 0x00000000b5b00000, 0x00000000b5c00000|  0%| F|  |TAMS 0x00000000b5b00000, 0x00000000b5b00000| Untracked 
| 320|0x00000000b5c00000, 0x00000000b5c00000, 0x00000000b5d00000|  0%| F|  |TAMS 0x00000000b5c00000, 0x00000000b5c00000| Untracked 
| 321|0x00000000b5d00000, 0x00000000b5d00000, 0x00000000b5e00000|  0%| F|  |TAMS 0x00000000b5d00000, 0x00000000b5d00000| Untracked 
| 322|0x00000000b5e00000, 0x00000000b5e00000, 0x00000000b5f00000|  0%| F|  |TAMS 0x00000000b5e00000, 0x00000000b5e00000| Untracked 
| 323|0x00000000b5f00000, 0x00000000b5f00000, 0x00000000b6000000|  0%| F|  |TAMS 0x00000000b5f00000, 0x00000000b5f00000| Untracked 
| 324|0x00000000b6000000, 0x00000000b6000000, 0x00000000b6100000|  0%| F|  |TAMS 0x00000000b6000000, 0x00000000b6000000| Untracked 
| 325|0x00000000b6100000, 0x00000000b6100000, 0x00000000b6200000|  0%| F|  |TAMS 0x00000000b6100000, 0x00000000b6100000| Untracked 
| 326|0x00000000b6200000, 0x00000000b6200000, 0x00000000b6300000|  0%| F|  |TAMS 0x00000000b6200000, 0x00000000b6200000| Untracked 
| 327|0x00000000b6300000, 0x00000000b6300000, 0x00000000b6400000|  0%| F|  |TAMS 0x00000000b6300000, 0x00000000b6300000| Untracked 
| 328|0x00000000b6400000, 0x00000000b6400000, 0x00000000b6500000|  0%| F|  |TAMS 0x00000000b6400000, 0x00000000b6400000| Untracked 
| 329|0x00000000b6500000, 0x00000000b6500000, 0x00000000b6600000|  0%| F|  |TAMS 0x00000000b6500000, 0x00000000b6500000| Untracked 
| 330|0x00000000b6600000, 0x00000000b6600000, 0x00000000b6700000|  0%| F|  |TAMS 0x00000000b6600000, 0x00000000b6600000| Untracked 
| 331|0x00000000b6700000, 0x00000000b6700000, 0x00000000b6800000|  0%| F|  |TAMS 0x00000000b6700000, 0x00000000b6700000| Untracked 
| 332|0x00000000b6800000, 0x00000000b6800000, 0x00000000b6900000|  0%| F|  |TAMS 0x00000000b6800000, 0x00000000b6800000| Untracked 
| 333|0x00000000b6900000, 0x00000000b6900000, 0x00000000b6a00000|  0%| F|  |TAMS 0x00000000b6900000, 0x00000000b6900000| Untracked 
| 334|0x00000000b6a00000, 0x00000000b6a00000, 0x00000000b6b00000|  0%| F|  |TAMS 0x00000000b6a00000, 0x00000000b6a00000| Untracked 
| 335|0x00000000b6b00000, 0x00000000b6b00000, 0x00000000b6c00000|  0%| F|  |TAMS 0x00000000b6b00000, 0x00000000b6b00000| Untracked 
| 336|0x00000000b6c00000, 0x00000000b6c22798, 0x00000000b6d00000| 13%| S|CS|TAMS 0x00000000b6c00000, 0x00000000b6c00000| Complete 
| 337|0x00000000b6d00000, 0x00000000b6d00000, 0x00000000b6e00000|  0%| F|  |TAMS 0x00000000b6d00000, 0x00000000b6d00000| Untracked 
| 338|0x00000000b6e00000, 0x00000000b6e00000, 0x00000000b6f00000|  0%| F|  |TAMS 0x00000000b6e00000, 0x00000000b6e00000| Untracked 
| 339|0x00000000b6f00000, 0x00000000b7000000, 0x00000000b7000000|100%| S|CS|TAMS 0x00000000b6f00000, 0x00000000b6f00000| Complete 
| 340|0x00000000b7000000, 0x00000000b7000000, 0x00000000b7100000|  0%| F|  |TAMS 0x00000000b7000000, 0x00000000b7000000| Untracked 
| 341|0x00000000b7100000, 0x00000000b7100000, 0x00000000b7200000|  0%| F|  |TAMS 0x00000000b7100000, 0x00000000b7100000| Untracked 
| 342|0x00000000b7200000, 0x00000000b7280800, 0x00000000b7300000| 50%| E|  |TAMS 0x00000000b7200000, 0x00000000b7200000| Complete 
| 343|0x00000000b7300000, 0x00000000b7400000, 0x00000000b7400000|100%| E|CS|TAMS 0x00000000b7300000, 0x00000000b7300000| Complete 
| 344|0x00000000b7400000, 0x00000000b7500000, 0x00000000b7500000|100%| E|CS|TAMS 0x00000000b7400000, 0x00000000b7400000| Complete 
| 345|0x00000000b7500000, 0x00000000b7600000, 0x00000000b7600000|100%| E|CS|TAMS 0x00000000b7500000, 0x00000000b7500000| Complete 
| 346|0x00000000b7600000, 0x00000000b7700000, 0x00000000b7700000|100%| E|CS|TAMS 0x00000000b7600000, 0x00000000b7600000| Complete 
| 347|0x00000000b7700000, 0x00000000b7800000, 0x00000000b7800000|100%| E|CS|TAMS 0x00000000b7700000, 0x00000000b7700000| Complete 
| 348|0x00000000b7800000, 0x00000000b7900000, 0x00000000b7900000|100%| E|CS|TAMS 0x00000000b7800000, 0x00000000b7800000| Complete 
| 349|0x00000000b7900000, 0x00000000b7a00000, 0x00000000b7a00000|100%| E|CS|TAMS 0x00000000b7900000, 0x00000000b7900000| Complete 
| 350|0x00000000b7a00000, 0x00000000b7b00000, 0x00000000b7b00000|100%| E|CS|TAMS 0x00000000b7a00000, 0x00000000b7a00000| Complete 

Card table byte_map: [0x000001c0feb50000,0x000001c0fee50000] _byte_map_base: 0x000001c0fe642000

Marking Bits (Prev, Next): (CMBitMap*) 0x000001c0f5e27688, (CMBitMap*) 0x000001c0f5e276c0
 Prev Bits: [0x000001c08f000000, 0x000001c090790000)
 Next Bits: [0x000001c090790000, 0x000001c091f20000)

Polling page: 0x000001c0f3dd0000

Metaspace:

Usage:
  Non-class:     19.61 MB capacity,    19.39 MB ( 99%) used,   180.99 KB ( <1%) free+waste,    41.50 KB ( <1%) overhead. 
      Class:      2.02 MB capacity,     1.86 MB ( 92%) used,   140.26 KB (  7%) free+waste,    17.06 KB ( <1%) overhead. 
       Both:     21.63 MB capacity,    21.25 MB ( 98%) used,   321.25 KB (  1%) free+waste,    58.56 KB ( <1%) overhead. 

Virtual space:
  Non-class space:       22.00 MB reserved,      20.25 MB ( 92%) committed 
      Class space:        1.00 GB reserved,       2.38 MB ( <1%) committed 
             Both:        1.02 GB reserved,      22.63 MB (  2%) committed 

Chunk freelists:
   Non-Class:  528.00 KB
       Class:  272.00 KB
        Both:  800.00 KB

MaxMetaspaceSize: 17179869184.00 GB
CompressedClassSpaceSize: 1.00 GB
Initial GC threshold: 20.80 MB
Current GC threshold: 37.71 MB
CDS: off

CodeHeap 'non-profiled nmethods': size=120000Kb used=6489Kb max_used=6489Kb free=113510Kb
 bounds [0x000001c087ad0000, 0x000001c088130000, 0x000001c08f000000]
CodeHeap 'profiled nmethods': size=120000Kb used=10336Kb max_used=10336Kb free=109663Kb
 bounds [0x000001c0805a0000, 0x000001c080fc0000, 0x000001c087ad0000]
CodeHeap 'non-nmethods': size=5760Kb used=1448Kb max_used=1533Kb free=4311Kb
 bounds [0x000001c080000000, 0x000001c080270000, 0x000001c0805a0000]
 total_blobs=5361 nmethods=4674 adapters=607
 compilation: enabled
              stopped_count=0, restarted_count=0
 full_count=0

Compilation events (20 events):
Event: 1912.338 Thread 0x000001c0ffbaf800 nmethod 4692 0x000001c080fae110 code [0x000001c080fae2c0, 0x000001c080fae408]
Event: 1941.407 Thread 0x000001c0ffbaf800 4693       3       sun.invoke.util.VerifyAccess::isMemberAccessible (313 bytes)
Event: 1941.430 Thread 0x000001c0ffbaf800 nmethod 4693 0x000001c080fae510 code [0x000001c080fae9e0, 0x000001c080fb0c28]
Event: 1941.430 Thread 0x000001c0ffbaf800 4694       3       jdk.internal.org.objectweb.asm.ClassWriter::newConst (9 bytes)
Event: 1941.431 Thread 0x000001c0ffbaf800 nmethod 4694 0x000001c080fb1710 code [0x000001c080fb18c0, 0x000001c080fb1a28]
Event: 1941.431 Thread 0x000001c0ffbaf800 4695       3       jdk.internal.org.objectweb.asm.ClassWriter::newConstItem (320 bytes)
Event: 1941.437 Thread 0x000001c0ffba4000 4701       4       java.lang.invoke.LambdaForm::internArgument (84 bytes)
Event: 1941.438 Thread 0x000001c0ffbaf800 nmethod 4695 0x000001c080fb1b10 code [0x000001c080fb2080, 0x000001c080fb5058]
Event: 1941.438 Thread 0x000001c0ffbaf800 4697       3       java.lang.invoke.InvokerBytecodeGenerator::getConstantPoolSize (21 bytes)
Event: 1941.438 Thread 0x000001c0ffbaf800 nmethod 4697 0x000001c080fb5d10 code [0x000001c080fb5ec0, 0x000001c080fb5ff8]
Event: 1941.438 Thread 0x000001c0ffbaf800 4698       3       java.lang.invoke.LambdaFormEditor::buffer (12 bytes)
Event: 1941.439 Thread 0x000001c0ffbaf800 nmethod 4698 0x000001c080fb6110 code [0x000001c080fb62c0, 0x000001c080fb6468]
Event: 1941.439 Thread 0x000001c0ffbaf800 4699       3       java.lang.invoke.LambdaFormBuffer::<init> (89 bytes)
Event: 1941.439 Thread 0x000001c0ffbaf800 nmethod 4699 0x000001c080fb6510 code [0x000001c080fb66e0, 0x000001c080fb6ab8]
Event: 1941.439 Thread 0x000001c0ffbaf800 4700       3       java.lang.invoke.LambdaFormBuffer::startEdit (247 bytes)
Event: 1941.441 Thread 0x000001c0ffbaf800 nmethod 4700 0x000001c080fb6c10 code [0x000001c080fb6e60, 0x000001c080fb7a68]
Event: 1941.441 Thread 0x000001c0ffbaf800 4696       3       java.lang.invoke.InvokerBytecodeGenerator$CpPatch::<init> (20 bytes)
Event: 1941.442 Thread 0x000001c0ffbaf800 nmethod 4696 0x000001c080fb7e10 code [0x000001c080fb7fc0, 0x000001c080fb81d8]
Event: 1941.442 Thread 0x000001c0ffba4000 nmethod 4701 0x000001c088125f90 code [0x000001c088126140, 0x000001c088126308]
Event: 1941.442 Thread 0x000001c0ffba4000 4702       4       java.lang.invoke.InvokerBytecodeGenerator::emitImplicitConversion (159 bytes)

GC Heap History (20 events):
Event: 1934.310 GC heap before
{Heap before GC invocations=1784 (full 5):
 garbage-first heap   total 359424K, used 172568K [0x00000000a1c00000, 0x0000000100000000)
  region size 1024K, 15 young (15360K), 2 survivors (2048K)
 Metaspace       used 21725K, capacity 22116K, committed 23168K, reserved 1071104K
  class space    used 1900K, capacity 2055K, committed 2432K, reserved 1048576K
}
Event: 1934.314 GC heap after
{Heap after GC invocations=1785 (full 5):
 garbage-first heap   total 359424K, used 68195K [0x00000000a1c00000, 0x0000000100000000)
  region size 1024K, 2 young (2048K), 2 survivors (2048K)
 Metaspace       used 21725K, capacity 22116K, committed 23168K, reserved 1071104K
  class space    used 1900K, capacity 2055K, committed 2432K, reserved 1048576K
}
Event: 1935.023 GC heap before
{Heap before GC invocations=1786 (full 5):
 garbage-first heap   total 359424K, used 171619K [0x00000000a1c00000, 0x0000000100000000)
  region size 1024K, 14 young (14336K), 2 survivors (2048K)
 Metaspace       used 21725K, capacity 22116K, committed 23168K, reserved 1071104K
  class space    used 1900K, capacity 2055K, committed 2432K, reserved 1048576K
}
Event: 1935.026 GC heap after
{Heap after GC invocations=1787 (full 5):
 garbage-first heap   total 359424K, used 68303K [0x00000000a1c00000, 0x0000000100000000)
  region size 1024K, 2 young (2048K), 2 survivors (2048K)
 Metaspace       used 21725K, capacity 22116K, committed 23168K, reserved 1071104K
  class space    used 1900K, capacity 2055K, committed 2432K, reserved 1048576K
}
Event: 1935.737 GC heap before
{Heap before GC invocations=1788 (full 5):
 garbage-first heap   total 359424K, used 170703K [0x00000000a1c00000, 0x0000000100000000)
  region size 1024K, 13 young (13312K), 2 survivors (2048K)
 Metaspace       used 21725K, capacity 22116K, committed 23168K, reserved 1071104K
  class space    used 1900K, capacity 2055K, committed 2432K, reserved 1048576K
}
Event: 1935.740 GC heap after
{Heap after GC invocations=1789 (full 5):
 garbage-first heap   total 359424K, used 68377K [0x00000000a1c00000, 0x0000000100000000)
  region size 1024K, 2 young (2048K), 2 survivors (2048K)
 Metaspace       used 21725K, capacity 22116K, committed 23168K, reserved 1071104K
  class space    used 1900K, capacity 2055K, committed 2432K, reserved 1048576K
}
Event: 1936.412 GC heap before
{Heap before GC invocations=1790 (full 5):
 garbage-first heap   total 359424K, used 172825K [0x00000000a1c00000, 0x0000000100000000)
  region size 1024K, 15 young (15360K), 2 survivors (2048K)
 Metaspace       used 21725K, capacity 22116K, committed 23168K, reserved 1071104K
  class space    used 1900K, capacity 2055K, committed 2432K, reserved 1048576K
}
Event: 1936.417 GC heap after
{Heap after GC invocations=1791 (full 5):
 garbage-first heap   total 359424K, used 68482K [0x00000000a1c00000, 0x0000000100000000)
  region size 1024K, 2 young (2048K), 2 survivors (2048K)
 Metaspace       used 21725K, capacity 22116K, committed 23168K, reserved 1071104K
  class space    used 1900K, capacity 2055K, committed 2432K, reserved 1048576K
}
Event: 1937.435 GC heap before
{Heap before GC invocations=1792 (full 5):
 garbage-first heap   total 359424K, used 170882K [0x00000000a1c00000, 0x0000000100000000)
  region size 1024K, 13 young (13312K), 2 survivors (2048K)
 Metaspace       used 21725K, capacity 22116K, committed 23168K, reserved 1071104K
  class space    used 1900K, capacity 2055K, committed 2432K, reserved 1048576K
}
Event: 1937.441 GC heap after
{Heap after GC invocations=1793 (full 5):
 garbage-first heap   total 359424K, used 68547K [0x00000000a1c00000, 0x0000000100000000)
  region size 1024K, 2 young (2048K), 2 survivors (2048K)
 Metaspace       used 21725K, capacity 22116K, committed 23168K, reserved 1071104K
  class space    used 1900K, capacity 2055K, committed 2432K, reserved 1048576K
}
Event: 1938.207 GC heap before
{Heap before GC invocations=1794 (full 5):
 garbage-first heap   total 359424K, used 171971K [0x00000000a1c00000, 0x0000000100000000)
  region size 1024K, 14 young (14336K), 2 survivors (2048K)
 Metaspace       used 21725K, capacity 22116K, committed 23168K, reserved 1071104K
  class space    used 1900K, capacity 2055K, committed 2432K, reserved 1048576K
}
Event: 1938.210 GC heap after
{Heap after GC invocations=1795 (full 5):
 garbage-first heap   total 359424K, used 68636K [0x00000000a1c00000, 0x0000000100000000)
  region size 1024K, 2 young (2048K), 2 survivors (2048K)
 Metaspace       used 21725K, capacity 22116K, committed 23168K, reserved 1071104K
  class space    used 1900K, capacity 2055K, committed 2432K, reserved 1048576K
}
Event: 1938.884 GC heap before
{Heap before GC invocations=1796 (full 5):
 garbage-first heap   total 359424K, used 172060K [0x00000000a1c00000, 0x0000000100000000)
  region size 1024K, 14 young (14336K), 2 survivors (2048K)
 Metaspace       used 21725K, capacity 22116K, committed 23168K, reserved 1071104K
  class space    used 1900K, capacity 2055K, committed 2432K, reserved 1048576K
}
Event: 1938.887 GC heap after
{Heap after GC invocations=1797 (full 5):
 garbage-first heap   total 359424K, used 68683K [0x00000000a1c00000, 0x0000000100000000)
  region size 1024K, 2 young (2048K), 2 survivors (2048K)
 Metaspace       used 21725K, capacity 22116K, committed 23168K, reserved 1071104K
  class space    used 1900K, capacity 2055K, committed 2432K, reserved 1048576K
}
Event: 1939.612 GC heap before
{Heap before GC invocations=1798 (full 5):
 garbage-first heap   total 359424K, used 172107K [0x00000000a1c00000, 0x0000000100000000)
  region size 1024K, 14 young (14336K), 2 survivors (2048K)
 Metaspace       used 21725K, capacity 22116K, committed 23168K, reserved 1071104K
  class space    used 1900K, capacity 2055K, committed 2432K, reserved 1048576K
}
Event: 1939.618 GC heap after
{Heap after GC invocations=1799 (full 5):
 garbage-first heap   total 359424K, used 68701K [0x00000000a1c00000, 0x0000000100000000)
  region size 1024K, 2 young (2048K), 2 survivors (2048K)
 Metaspace       used 21725K, capacity 22116K, committed 23168K, reserved 1071104K
  class space    used 1900K, capacity 2055K, committed 2432K, reserved 1048576K
}
Event: 1940.224 GC heap before
{Heap before GC invocations=1800 (full 5):
 garbage-first heap   total 359424K, used 172125K [0x00000000a1c00000, 0x0000000100000000)
  region size 1024K, 14 young (14336K), 2 survivors (2048K)
 Metaspace       used 21725K, capacity 22116K, committed 23168K, reserved 1071104K
  class space    used 1900K, capacity 2055K, committed 2432K, reserved 1048576K
}
Event: 1940.227 GC heap after
{Heap after GC invocations=1801 (full 5):
 garbage-first heap   total 359424K, used 68808K [0x00000000a1c00000, 0x0000000100000000)
  region size 1024K, 2 young (2048K), 2 survivors (2048K)
 Metaspace       used 21725K, capacity 22116K, committed 23168K, reserved 1071104K
  class space    used 1900K, capacity 2055K, committed 2432K, reserved 1048576K
}
Event: 1941.004 GC heap before
{Heap before GC invocations=1802 (full 5):
 garbage-first heap   total 359424K, used 171208K [0x00000000a1c00000, 0x0000000100000000)
  region size 1024K, 13 young (13312K), 2 survivors (2048K)
 Metaspace       used 21725K, capacity 22116K, committed 23168K, reserved 1071104K
  class space    used 1900K, capacity 2055K, committed 2432K, reserved 1048576K
}
Event: 1941.007 GC heap after
{Heap after GC invocations=1803 (full 5):
 garbage-first heap   total 359424K, used 68894K [0x00000000a1c00000, 0x0000000100000000)
  region size 1024K, 2 young (2048K), 2 survivors (2048K)
 Metaspace       used 21725K, capacity 22116K, committed 23168K, reserved 1071104K
  class space    used 1900K, capacity 2055K, committed 2432K, reserved 1048576K
}

Deoptimization events (20 events):
Event: 1684.270 Thread 0x000001c09487f000 Uncommon trap: trap_request=0xffffff9f fr.pc=0x000001c08801ddb4 relative=0x00000000000018f4
Event: 1684.270 Thread 0x000001c09487f000 Uncommon trap: reason=unhandled action=none pc=0x000001c08801ddb4 method=javazoom.jl.decoder.Bitstream.syncHeader(B)I @ 26 c2
Event: 1684.270 Thread 0x000001c09487f000 DEOPT PACKING pc=0x000001c08801ddb4 sp=0x0000007020dfefe0
Event: 1684.270 Thread 0x000001c09487f000 DEOPT UNPACKING pc=0x000001c08004a1af sp=0x0000007020dfef38 mode 2
Event: 1684.270 Thread 0x000001c09487f000 DEOPT PACKING pc=0x000001c08800c8a0 sp=0x0000007020dff080
Event: 1684.270 Thread 0x000001c09487f000 DEOPT UNPACKING pc=0x000001c08004a95e sp=0x0000007020dfe448 mode 1
Event: 1753.341 Thread 0x000001c0ffb60800 DEOPT PACKING pc=0x000001c080ced92d sp=0x00000070216fef10
Event: 1753.344 Thread 0x000001c0ffb60800 DEOPT UNPACKING pc=0x000001c08004a95e sp=0x00000070216fe3f0 mode 0
Event: 1770.801 Thread 0x000001c09487a800 DEOPT PACKING pc=0x000001c080eec925 sp=0x00000070242ff160
Event: 1770.802 Thread 0x000001c09487a800 DEOPT UNPACKING pc=0x000001c08004a95e sp=0x00000070242fe638 mode 0
Event: 1941.378 Thread 0x000001c09487a000 Uncommon trap: trap_request=0xffffff4d fr.pc=0x000001c0880f5f9c relative=0x000000000000193c
Event: 1941.379 Thread 0x000001c09487a000 Uncommon trap: reason=unstable_if action=reinterpret pc=0x000001c0880f5f9c method=com.sun.media.sound.DirectAudioDevice$DirectDL.implOpen(Ljavax/sound/sampled/AudioFormat;I)V @ 370 c2
Event: 1941.380 Thread 0x000001c09487a000 DEOPT PACKING pc=0x000001c0880f5f9c sp=0x00000070246feef0
Event: 1941.383 Thread 0x000001c09487a000 DEOPT UNPACKING pc=0x000001c08004a1af sp=0x00000070246feed0 mode 2
Event: 1941.461 Thread 0x000001c09487a000 DEOPT PACKING pc=0x000001c0880d9f08 sp=0x00000070246fef90
Event: 1941.462 Thread 0x000001c09487a000 DEOPT UNPACKING pc=0x000001c08004a95e sp=0x00000070246fe258 mode 1
Event: 1941.547 Thread 0x000001c09487a000 DEOPT PACKING pc=0x000001c0880d9f08 sp=0x00000070246fef90
Event: 1941.548 Thread 0x000001c09487a000 DEOPT UNPACKING pc=0x000001c08004a95e sp=0x00000070246fe258 mode 1
Event: 1941.574 Thread 0x000001c09487a000 DEOPT PACKING pc=0x000001c0880d9f08 sp=0x00000070246fef90
Event: 1941.574 Thread 0x000001c09487a000 DEOPT UNPACKING pc=0x000001c08004a95e sp=0x00000070246fe258 mode 1

Classes redefined (0 events):
No events

Internal exceptions (20 events):
Event: 35.683 Thread 0x000001c09487f000 Exception <a 'java/lang/NoSuchMethodError'{0x00000000a94bd9e0}: 'java.lang.Object java.lang.invoke.DirectMethodHandle$Holder.invokeSpecial(java.lang.Object, java.lang.Object, int, int, int, int, int, int, int)'> (0x00000000a94bd9e0) thrown at [./src/hotspot/share/interpreter/linkResolver.cpp, line 773]
Event: 35.685 Thread 0x000001c09487f000 Exception <a 'java/lang/NoSuchMethodError'{0x00000000a94c0af0}: 'java.lang.Object java.lang.invoke.DelegatingMethodHandle$Holder.reinvoke_L(java.lang.Object, int, int, int, int, int, int, int)'> (0x00000000a94c0af0) thrown at [./src/hotspot/share/interpreter/linkResolver.cpp, line 773]
Event: 35.694 Thread 0x000001c09487f000 Exception <a 'java/lang/NoSuchMethodError'{0x00000000a93063a8}: 'java.lang.Object java.lang.invoke.DirectMethodHandle$Holder.invokeSpecial(java.lang.Object, java.lang.Object, int, int, int, int)'> (0x00000000a93063a8) thrown at [./src/hotspot/share/interpreter/linkResolver.cpp, line 773]
Event: 35.695 Thread 0x000001c09487f000 Exception <a 'java/lang/NoSuchMethodError'{0x00000000a9309020}: 'java.lang.Object java.lang.invoke.Invokers$Holder.linkToTargetMethod(int, int, int, int, java.lang.Object)'> (0x00000000a9309020) thrown at [./src/hotspot/share/interpreter/linkResolver.cpp, line 773]
Event: 46.762 Thread 0x000001c09487a000 Implicit null exception at 0x000001c087d383f3 to 0x000001c087d3c534
Event: 131.337 Thread 0x000001c09487a000 Exception <a 'java/lang/InterruptedException'{0x00000000ae53cf28}: sleep interrupted> (0x00000000ae53cf28) thrown at [./src/hotspot/share/prims/jvm.cpp, line 3125]
Event: 131.651 Thread 0x000001c09487a000 Implicit null exception at 0x000001c087e4eae6 to 0x000001c087e4ecac
Event: 131.718 Thread 0x000001c09487a000 Implicit null exception at 0x000001c087d90eeb to 0x000001c087d93790
Event: 571.150 Thread 0x000001c09487a000 Implicit null exception at 0x000001c087dbf4a5 to 0x000001c087dc1ed8
Event: 572.869 Thread 0x000001c09487a000 Implicit null exception at 0x000001c087e0e107 to 0x000001c087e0ea20
Event: 572.873 Thread 0x000001c09487a000 Implicit null exception at 0x000001c087d66c75 to 0x000001c087d66d10
Event: 572.874 Thread 0x000001c09487a000 Implicit null exception at 0x000001c087e577e4 to 0x000001c087e5ce18
Event: 572.874 Thread 0x000001c09487a000 Implicit null exception at 0x000001c087d588e3 to 0x000001c087d59e08
Event: 572.880 Thread 0x000001c09487a000 Implicit null exception at 0x000001c087e760cd to 0x000001c087e7f180
Event: 572.883 Thread 0x000001c09487a000 Implicit null exception at 0x000001c087e0312f to 0x000001c087e03878
Event: 1665.630 Thread 0x000001c09487a000 Implicit null exception at 0x000001c087c12a04 to 0x000001c087c13490
Event: 1665.630 Thread 0x000001c09487a000 Implicit null exception at 0x000001c087c665bb to 0x000001c087c68d00
Event: 1665.631 Thread 0x000001c09487a000 Implicit null exception at 0x000001c087c646d6 to 0x000001c087c64fd0
Event: 1665.674 Thread 0x000001c09487a000 Implicit null exception at 0x000001c087cf9b07 to 0x000001c087cfc134
Event: 1665.674 Thread 0x000001c09487a000 Implicit null exception at 0x000001c087da4400 to 0x000001c087da6564

Events (20 events):
Event: 1940.286 Executing VM operation: CGC_Operation
Event: 1940.292 Executing VM operation: CGC_Operation done
Event: 1940.319 Executing VM operation: CGC_Operation
Event: 1940.319 Executing VM operation: CGC_Operation done
Event: 1941.004 Executing VM operation: G1CollectForAllocation
Event: 1941.007 Executing VM operation: G1CollectForAllocation done
Event: 1941.068 Executing VM operation: CGC_Operation
Event: 1941.073 Executing VM operation: CGC_Operation done
Event: 1941.103 Executing VM operation: CGC_Operation
Event: 1941.103 Executing VM operation: CGC_Operation done
Event: 1941.459 Executing VM operation: RevokeBias
Event: 1941.461 Executing VM operation: RevokeBias done
Event: 1941.464 loading class greenfoot/sound/SoundExceptionHandler
Event: 1941.464 loading class greenfoot/sound/SoundExceptionHandler done
Event: 1941.483 loading class javax/sound/midi/InvalidMidiDataException
Event: 1941.490 loading class javax/sound/midi/InvalidMidiDataException done
Event: 1941.547 Executing VM operation: RevokeBias
Event: 1941.547 Executing VM operation: RevokeBias done
Event: 1941.573 Executing VM operation: RevokeBias
Event: 1941.573 Executing VM operation: RevokeBias done


Dynamic libraries:
0x00007ff658f70000 - 0x00007ff658f7d000 	C:\Program Files\Greenfoot\jdk\bin\java.exe
0x00007ffd224b0000 - 0x00007ffd226c4000 	C:\Windows\SYSTEM32\ntdll.dll
0x00007ffd20f10000 - 0x00007ffd20fd2000 	C:\Windows\System32\KERNEL32.DLL
0x00007ffd1fd60000 - 0x00007ffd20103000 	C:\Windows\System32\KERNELBASE.dll
0x00007ffd1f9b0000 - 0x00007ffd1fac1000 	C:\Windows\System32\ucrtbase.dll
0x00007ffd14630000 - 0x00007ffd14645000 	C:\Program Files\Greenfoot\jdk\bin\VCRUNTIME140.dll
0x00007ffd0b9f0000 - 0x00007ffd0ba07000 	C:\Program Files\Greenfoot\jdk\bin\jli.dll
0x00007ffd21db0000 - 0x00007ffd21f5b000 	C:\Windows\System32\USER32.dll
0x00007ffd1fcb0000 - 0x00007ffd1fcd6000 	C:\Windows\System32\win32u.dll
0x00007ffd056b0000 - 0x00007ffd0593e000 	C:\Windows\WinSxS\amd64_microsoft.windows.common-controls_6595b64144ccf1df_6.0.22621.1635_none_270f70857386168e\COMCTL32.dll
0x00007ffd20cf0000 - 0x00007ffd20d97000 	C:\Windows\System32\msvcrt.dll
0x00007ffd22040000 - 0x00007ffd22069000 	C:\Windows\System32\GDI32.dll
0x00007ffd1fad0000 - 0x00007ffd1fbe8000 	C:\Windows\System32\gdi32full.dll
0x00007ffd1f8a0000 - 0x00007ffd1f93a000 	C:\Windows\System32\msvcp_win.dll
0x00007ffd204c0000 - 0x00007ffd204f1000 	C:\Windows\System32\IMM32.DLL
0x00007ffd03b80000 - 0x00007ffd03c1b000 	C:\Program Files\Greenfoot\jdk\bin\msvcp140.dll
0x00007ffcd1bf0000 - 0x00007ffcd2771000 	C:\Program Files\Greenfoot\jdk\bin\server\jvm.dll
0x00007ffd20310000 - 0x00007ffd203be000 	C:\Windows\System32\ADVAPI32.dll
0x00007ffd20aa0000 - 0x00007ffd20b44000 	C:\Windows\System32\sechost.dll
0x00007ffd22080000 - 0x00007ffd22197000 	C:\Windows\System32\RPCRT4.dll
0x00007ffd20f00000 - 0x00007ffd20f08000 	C:\Windows\System32\PSAPI.DLL
0x00007ffd1ae90000 - 0x00007ffd1ae99000 	C:\Windows\SYSTEM32\WSOCK32.dll
0x00007ffd19de0000 - 0x00007ffd19e14000 	C:\Windows\SYSTEM32\WINMM.dll
0x00007ffd19dd0000 - 0x00007ffd19dda000 	C:\Windows\SYSTEM32\VERSION.dll
0x00007ffd21f60000 - 0x00007ffd21fd1000 	C:\Windows\System32\WS2_32.dll
0x00007ffd1e8f0000 - 0x00007ffd1e908000 	C:\Windows\SYSTEM32\kernel.appcore.dll
0x00007ffd1ae50000 - 0x00007ffd1ae60000 	C:\Program Files\Greenfoot\jdk\bin\verify.dll
0x00007ffd16a20000 - 0x00007ffd16c4e000 	C:\Windows\SYSTEM32\DBGHELP.DLL
0x00007ffd20560000 - 0x00007ffd208e9000 	C:\Windows\System32\combase.dll
0x00007ffd22360000 - 0x00007ffd22437000 	C:\Windows\System32\OLEAUT32.dll
0x00007ffd067c0000 - 0x00007ffd067f2000 	C:\Windows\SYSTEM32\dbgcore.DLL
0x00007ffd1fce0000 - 0x00007ffd1fd5b000 	C:\Windows\System32\bcryptPrimitives.dll
0x00007ffd0b9c0000 - 0x00007ffd0b9e8000 	C:\Program Files\Greenfoot\jdk\bin\java.dll
0x00007ffd185a0000 - 0x00007ffd185aa000 	C:\Program Files\Greenfoot\jdk\bin\jimage.dll
0x00007ffce5ee0000 - 0x00007ffce5f18000 	C:\Program Files\Greenfoot\jdk\bin\jdwp.dll
0x00007ffd0b8f0000 - 0x00007ffd0b908000 	C:\Program Files\Greenfoot\jdk\bin\zip.dll
0x00007ffd21010000 - 0x00007ffd2180a000 	C:\Windows\System32\SHELL32.dll
0x00007ffd1d8a0000 - 0x00007ffd1e16e000 	C:\Windows\SYSTEM32\windows.storage.dll
0x00007ffd1d760000 - 0x00007ffd1d89e000 	C:\Windows\SYSTEM32\wintypes.dll
0x00007ffd209a0000 - 0x00007ffd20a91000 	C:\Windows\System32\SHCORE.dll
0x00007ffd20500000 - 0x00007ffd2055e000 	C:\Windows\System32\shlwapi.dll
0x00007ffd1f7d0000 - 0x00007ffd1f7f1000 	C:\Windows\SYSTEM32\profapi.dll
0x00007ffd0b8e0000 - 0x00007ffd0b8eb000 	C:\Program Files\Greenfoot\jdk\bin\dt_shmem.dll
0x00007ffd080c0000 - 0x00007ffd080d9000 	C:\Program Files\Greenfoot\jdk\bin\net.dll
0x00007ffd18260000 - 0x00007ffd18397000 	C:\Windows\SYSTEM32\WINHTTP.dll
0x00007ffd1ed60000 - 0x00007ffd1edc9000 	C:\Windows\system32\mswsock.dll
0x00007ffd06b70000 - 0x00007ffd06b83000 	C:\Program Files\Greenfoot\jdk\bin\nio.dll
0x00007ffce4bd0000 - 0x00007ffce4d69000 	C:\Program Files\Greenfoot\jdk\bin\awt.dll
0x00007ffd1cce0000 - 0x00007ffd1cd77000 	C:\Windows\SYSTEM32\apphelp.dll
0x00007ffd1ceb0000 - 0x00007ffd1cf5b000 	C:\Windows\system32\uxtheme.dll
0x00007ffd21c90000 - 0x00007ffd21dae000 	C:\Windows\System32\MSCTF.dll
0x00007ffd20b50000 - 0x00007ffd20cec000 	C:\Windows\System32\ole32.dll
0x00007ffd1d100000 - 0x00007ffd1d12b000 	C:\Windows\system32\DWMAPI.DLL
0x00007ffce5c50000 - 0x00007ffce5d50000 	C:\Windows\system32\opengl32.dll
0x00007ffd03ab0000 - 0x00007ffd03add000 	C:\Windows\SYSTEM32\GLU32.dll
0x00007ffd1cfb0000 - 0x00007ffd1cfe6000 	C:\Windows\SYSTEM32\dxcore.dll
0x00007ffca9740000 - 0x00007ffca98e9000 	C:\Windows\system32\d3d9.dll
0x00007ffd164b0000 - 0x00007ffd1666b000 	C:\Windows\System32\DriverStore\FileRepository\u0383954.inf_amd64_2061df1998435612\B383240\aticfx64.dll
0x00007ffce6ba0000 - 0x00007ffce6bd4000 	C:\Windows\System32\DriverStore\FileRepository\u0383954.inf_amd64_2061df1998435612\B383240\atiu9p64.dll
0x00007ffccea00000 - 0x00007ffccf755000 	C:\Windows\System32\DriverStore\FileRepository\u0383954.inf_amd64_2061df1998435612\B383240\atiumd64.dll
0x00000000747b0000 - 0x00000000756d7000 	C:\Windows\System32\DriverStore\FileRepository\u0383954.inf_amd64_2061df1998435612\B383240\atiumd6a.dll
0x00007ffd21810000 - 0x00007ffd21c84000 	C:\Windows\System32\SETUPAPI.dll
0x00007ffd1f770000 - 0x00007ffd1f7bd000 	C:\Windows\SYSTEM32\POWRPROF.dll
0x00007ffd1f750000 - 0x00007ffd1f763000 	C:\Windows\SYSTEM32\UMPDC.dll
0x00007ffd15c50000 - 0x00007ffd15c85000 	C:\Windows\SYSTEM32\amdihk64.dll
0x00007ffd1a490000 - 0x00007ffd1a4d8000 	C:\Windows\SYSTEM32\directxdatabasehelper.dll
0x00007ffd1efc0000 - 0x00007ffd1efdb000 	C:\Windows\SYSTEM32\CRYPTSP.dll
0x00007ffd1e860000 - 0x00007ffd1e895000 	C:\Windows\system32\rsaenh.dll
0x00007ffd1ee60000 - 0x00007ffd1ee88000 	C:\Windows\SYSTEM32\USERENV.dll
0x00007ffd1f180000 - 0x00007ffd1f1a8000 	C:\Windows\SYSTEM32\bcrypt.dll
0x00007ffd1efe0000 - 0x00007ffd1efec000 	C:\Windows\SYSTEM32\CRYPTBASE.dll
0x00007ffd1e410000 - 0x00007ffd1e43d000 	C:\Windows\SYSTEM32\IPHLPAPI.DLL
0x00007ffd20fe0000 - 0x00007ffd20fe9000 	C:\Windows\System32\NSI.dll
0x00007ffd18430000 - 0x00007ffd18449000 	C:\Windows\SYSTEM32\dhcpcsvc6.DLL
0x00007ffd18240000 - 0x00007ffd1825f000 	C:\Windows\SYSTEM32\dhcpcsvc.DLL
0x00007ffd1e490000 - 0x00007ffd1e583000 	C:\Windows\SYSTEM32\DNSAPI.dll
0x000001c0967c0000 - 0x000001c0967c3000 	C:\Program Files\Greenfoot\lib\javafx\bin\api-ms-win-core-console-l1-1-0.dll
0x000001c0967d0000 - 0x000001c0967d3000 	C:\Program Files\Greenfoot\lib\javafx\bin\api-ms-win-core-console-l1-2-0.dll
0x000001c0967e0000 - 0x000001c0967e3000 	C:\Program Files\Greenfoot\lib\javafx\bin\api-ms-win-core-datetime-l1-1-0.dll
0x000001c0967f0000 - 0x000001c0967f3000 	C:\Program Files\Greenfoot\lib\javafx\bin\api-ms-win-core-debug-l1-1-0.dll
0x000001c096800000 - 0x000001c096803000 	C:\Program Files\Greenfoot\lib\javafx\bin\api-ms-win-core-errorhandling-l1-1-0.dll
0x000001c096810000 - 0x000001c096814000 	C:\Program Files\Greenfoot\lib\javafx\bin\api-ms-win-core-file-l1-1-0.dll
0x000001c096820000 - 0x000001c096823000 	C:\Program Files\Greenfoot\lib\javafx\bin\api-ms-win-core-file-l1-2-0.dll
0x000001c096830000 - 0x000001c096833000 	C:\Program Files\Greenfoot\lib\javafx\bin\api-ms-win-core-file-l2-1-0.dll
0x000001c096840000 - 0x000001c096843000 	C:\Program Files\Greenfoot\lib\javafx\bin\api-ms-win-core-handle-l1-1-0.dll
0x000001c09b2a0000 - 0x000001c09b2a3000 	C:\Program Files\Greenfoot\lib\javafx\bin\api-ms-win-core-heap-l1-1-0.dll
0x000001c09b2b0000 - 0x000001c09b2b3000 	C:\Program Files\Greenfoot\lib\javafx\bin\api-ms-win-core-interlocked-l1-1-0.dll
0x000001c09b2c0000 - 0x000001c09b2c3000 	C:\Program Files\Greenfoot\lib\javafx\bin\api-ms-win-core-libraryloader-l1-1-0.dll
0x000001c09b2d0000 - 0x000001c09b2d3000 	C:\Program Files\Greenfoot\lib\javafx\bin\api-ms-win-core-localization-l1-2-0.dll
0x000001c09b2e0000 - 0x000001c09b2e3000 	C:\Program Files\Greenfoot\lib\javafx\bin\api-ms-win-core-memory-l1-1-0.dll
0x000001c09b2f0000 - 0x000001c09b2f3000 	C:\Program Files\Greenfoot\lib\javafx\bin\api-ms-win-core-namedpipe-l1-1-0.dll
0x000001c09b300000 - 0x000001c09b303000 	C:\Program Files\Greenfoot\lib\javafx\bin\api-ms-win-core-processenvironment-l1-1-0.dll
0x000001c09b310000 - 0x000001c09b313000 	C:\Program Files\Greenfoot\lib\javafx\bin\api-ms-win-core-processthreads-l1-1-0.dll
0x000001c09b320000 - 0x000001c09b323000 	C:\Program Files\Greenfoot\lib\javafx\bin\api-ms-win-core-processthreads-l1-1-1.dll
0x000001c09b330000 - 0x000001c09b333000 	C:\Program Files\Greenfoot\lib\javafx\bin\api-ms-win-core-profile-l1-1-0.dll
0x000001c09b340000 - 0x000001c09b343000 	C:\Program Files\Greenfoot\lib\javafx\bin\api-ms-win-core-rtlsupport-l1-1-0.dll
0x000001c09b350000 - 0x000001c09b353000 	C:\Program Files\Greenfoot\lib\javafx\bin\api-ms-win-core-string-l1-1-0.dll
0x000001c09b360000 - 0x000001c09b363000 	C:\Program Files\Greenfoot\lib\javafx\bin\api-ms-win-core-synch-l1-1-0.dll
0x000001c09b370000 - 0x000001c09b373000 	C:\Program Files\Greenfoot\lib\javafx\bin\api-ms-win-core-synch-l1-2-0.dll
0x000001c09b380000 - 0x000001c09b383000 	C:\Program Files\Greenfoot\lib\javafx\bin\api-ms-win-core-sysinfo-l1-1-0.dll
0x000001c09b390000 - 0x000001c09b393000 	C:\Program Files\Greenfoot\lib\javafx\bin\api-ms-win-core-timezone-l1-1-0.dll
0x000001c09b3a0000 - 0x000001c09b3a3000 	C:\Program Files\Greenfoot\lib\javafx\bin\api-ms-win-core-util-l1-1-0.dll
0x000001c09b3b0000 - 0x000001c09b3b3000 	C:\Program Files\Greenfoot\lib\javafx\bin\api-ms-win-crt-conio-l1-1-0.dll
0x000001c09b3c0000 - 0x000001c09b3c4000 	C:\Program Files\Greenfoot\lib\javafx\bin\api-ms-win-crt-convert-l1-1-0.dll
0x000001c09b3d0000 - 0x000001c09b3d3000 	C:\Program Files\Greenfoot\lib\javafx\bin\api-ms-win-crt-environment-l1-1-0.dll
0x000001c09b3e0000 - 0x000001c09b3e3000 	C:\Program Files\Greenfoot\lib\javafx\bin\api-ms-win-crt-filesystem-l1-1-0.dll
0x000001c09b3f0000 - 0x000001c09b3f3000 	C:\Program Files\Greenfoot\lib\javafx\bin\api-ms-win-crt-heap-l1-1-0.dll
0x000001c09b400000 - 0x000001c09b403000 	C:\Program Files\Greenfoot\lib\javafx\bin\api-ms-win-crt-locale-l1-1-0.dll
0x000001c09b410000 - 0x000001c09b415000 	C:\Program Files\Greenfoot\lib\javafx\bin\api-ms-win-crt-math-l1-1-0.dll
0x000001c09b420000 - 0x000001c09b425000 	C:\Program Files\Greenfoot\lib\javafx\bin\api-ms-win-crt-multibyte-l1-1-0.dll
0x000001c09b430000 - 0x000001c09b440000 	C:\Program Files\Greenfoot\lib\javafx\bin\api-ms-win-crt-private-l1-1-0.dll
0x000001c09b440000 - 0x000001c09b443000 	C:\Program Files\Greenfoot\lib\javafx\bin\api-ms-win-crt-process-l1-1-0.dll
0x000001c09b450000 - 0x000001c09b454000 	C:\Program Files\Greenfoot\lib\javafx\bin\api-ms-win-crt-runtime-l1-1-0.dll
0x000001c09b460000 - 0x000001c09b464000 	C:\Program Files\Greenfoot\lib\javafx\bin\api-ms-win-crt-stdio-l1-1-0.dll
0x000001c09b470000 - 0x000001c09b474000 	C:\Program Files\Greenfoot\lib\javafx\bin\api-ms-win-crt-string-l1-1-0.dll
0x000001c09b480000 - 0x000001c09b483000 	C:\Program Files\Greenfoot\lib\javafx\bin\api-ms-win-crt-time-l1-1-0.dll
0x000001c09b490000 - 0x000001c09b493000 	C:\Program Files\Greenfoot\lib\javafx\bin\api-ms-win-crt-utility-l1-1-0.dll
0x00007ffce63c0000 - 0x00007ffce64bc000 	C:\Program Files\Greenfoot\lib\javafx\bin\ucrtbase.dll
0x00007ffd06b50000 - 0x00007ffd06b65000 	C:\Program Files\Greenfoot\lib\javafx\bin\vcruntime140.dll
0x00007ffd06830000 - 0x00007ffd0683c000 	C:\Windows\System32\vcruntime140_1.dll
0x00007ffd03ae0000 - 0x00007ffd03b7b000 	C:\Program Files\Greenfoot\lib\javafx\bin\msvcp140.dll
0x00007ffd06b20000 - 0x00007ffd06b43000 	C:\Program Files\Greenfoot\lib\javafx\bin\prism_d3d.dll
0x00007ffce6b50000 - 0x00007ffce6b95000 	C:\Program Files\Greenfoot\lib\javafx\bin\glass.dll
0x00007ffd203c0000 - 0x00007ffd204b7000 	C:\Windows\System32\COMDLG32.dll
0x00007ffce6360000 - 0x00007ffce6371000 	C:\Program Files\Greenfoot\jdk\bin\jsound.dll
0x00007ffce25f0000 - 0x00007ffce2692000 	C:\Windows\SYSTEM32\DSOUND.dll
0x00007ffd0fc20000 - 0x00007ffd0fc49000 	C:\Windows\SYSTEM32\winmmbase.dll
0x00007ffce2240000 - 0x00007ffce22f1000 	C:\Windows\SYSTEM32\ResampleDmo.DLL

dbghelp: loaded successfully - version: 4.0.5 - missing functions: none
symbol engine: initialized successfully - sym options: 0x614 - pdb path: .;C:\Program Files\Greenfoot\jdk\bin;C:\Windows\SYSTEM32;C:\Windows\WinSxS\amd64_microsoft.windows.common-controls_6595b64144ccf1df_6.0.22621.1635_none_270f70857386168e;C:\Program Files\Greenfoot\jdk\bin\server;C:\Windows\System32\DriverStore\FileRepository\u0383954.inf_amd64_2061df1998435612\B383240;C:\Program Files\Greenfoot\lib\javafx\bin

VM Arguments:
jvm_args: -XX:MaxGCPauseMillis=50 -agentlib:jdwp=transport=dt_shmem,address=javadebug -Dfile.encoding=UTF-8 
java_command: bluej.runtime.ExecServer UTF-8
java_class_path (initial): C:\Program Files\Greenfoot\lib\greenfoot.jar;C:\Program Files\Greenfoot\lib\bluejcore.jar;C:\Program Files\Greenfoot\lib\bluejeditor.jar;C:\Program Files\Greenfoot\lib\bluejext2.jar;C:\Program Files\Greenfoot\lib\junit-jupiter-5.5.2.jar;C:\Program Files\Greenfoot\lib\junit-jupiter-api-5.5.2.jar;C:\Program Files\Greenfoot\lib\junit-jupiter-engine-5.5.2.jar;C:\Program Files\Greenfoot\lib\junit-jupiter-migrationsupport-5.5.2.jar;C:\Program Files\Greenfoot\lib\junit-jupiter-params-5.5.2.jar;C:\Program Files\Greenfoot\lib\junit-platform-commons-1.5.2.jar;C:\Program Files\Greenfoot\lib\junit-platform-console-1.5.2.jar;C:\Program Files\Greenfoot\lib\junit-platform-console-standalone-1.5.2.jar;C:\Program Files\Greenfoot\lib\junit-platform-engine-1.5.2.jar;C:\Program Files\Greenfoot\lib\junit-platform-launcher-1.5.2.jar;C:\Program Files\Greenfoot\lib\junit-platform-reporting-1.5.2.jar;C:\Program Files\Greenfoot\lib\junit-platform-runner-1.5.2.jar;C:\Program Files\Greenfoot\lib\junit-platform-suite-api-1.5.2.jar;C:\Program Files\Greenfoot\lib\junit-platform-testkit-1.5.2.jar;C:\Program Files\Greenfoot\lib\junit-quickcheck-core-0.9.jar;C:\Program Files\Greenfoot\lib\junit-vintage-engine-5.5.2.jar;C:\Program Files\Greenfoot\lib\hamcrest-core-1.3.jar;C:\Program Files\Greenfoot\lib\bluej.jar;C:\Program Files\Greenfoot\lib\classgraph-4.8.90.jar;C:\Program Files\Greenfoot\lib\diffutils-1.2.1.jar;C:\Program Files\Greenfoot\lib\commons-logging-api-1.1.2.jar;C:\Program Files\Greenfoot\lib\jl1.0.1.jar;C:\Program Files\Greenfoot\lib\opencsv-2.3.jar;C:\Program Files\Greenfoot\lib\xom-1.3.7.jar;C:\Program Files\Greenfoot\lib\lang-stride.jar;C:\Program Files\Greenfoot\lib\nsmenufx-2.1.8.jar;C:\Program Files\Greenfoot\lib\wellbehavedfx-0.3.3.jar;C:\Program Files\Greenfoot\lib\guava-17.0.jar;C:\Program Files\Greenfoot\lib\httpclient-4.1.1.jar;C:\Program Files\Greenfoot\lib\httpcore-4.1.jar;C:\Program Files\Greenfoot\lib\httpmime-4.1.1.jar;C:\Program Files\Greenfo
Launcher Type: SUN_STANDARD

[Global flags]
     intx CICompilerCount                          = 4                                         {product} {ergonomic}
     uint ConcGCThreads                            = 2                                         {product} {ergonomic}
     uint G1ConcRefinementThreads                  = 8                                         {product} {ergonomic}
   size_t G1HeapRegionSize                         = 1048576                                   {product} {ergonomic}
    uintx GCDrainStackTargetSize                   = 64                                        {product} {ergonomic}
   size_t InitialHeapSize                          = 100663296                                 {product} {ergonomic}
   size_t MarkStackSize                            = 4194304                                   {product} {ergonomic}
    uintx MaxGCPauseMillis                         = 50                                        {product} {command line}
   size_t MaxHeapSize                              = 1581252608                                {product} {ergonomic}
   size_t MaxNewSize                               = 947912704                                 {product} {ergonomic}
   size_t MinHeapDeltaBytes                        = 1048576                                   {product} {ergonomic}
    uintx NonNMethodCodeHeapSize                   = 5836300                                {pd product} {ergonomic}
    uintx NonProfiledCodeHeapSize                  = 122910970                              {pd product} {ergonomic}
    uintx ProfiledCodeHeapSize                     = 122910970                              {pd product} {ergonomic}
    uintx ReservedCodeCacheSize                    = 251658240                              {pd product} {ergonomic}
     bool SegmentedCodeCache                       = true                                      {product} {ergonomic}
     bool UseCompressedClassPointers               = true                                 {lp64_product} {ergonomic}
     bool UseCompressedOops                        = true                                 {lp64_product} {ergonomic}
     bool UseG1GC                                  = true                                      {product} {ergonomic}
     bool UseLargePagesIndividualAllocation        = false                                  {pd product} {ergonomic}

Logging:
Log output configuration:
 #0: stdout all=warning uptime,level,tags
 #1: stderr all=off uptime,level,tags

Environment Variables:
PATH=C:\Program Files\Common Files\Oracle\Java\javapath;C:\Windows\system32;C:\Windows;C:\Windows\System32\Wbem;C:\Windows\System32\WindowsPowerShell\v1.0\;C:\Windows\System32\OpenSSH\;C:\Program Files\dotnet\;C:\Program Files\Git\cmd;C:\TDM-GCC-64\bin;C:\apache-maven-3.9.1\bin;C:\Program Files\MySQL\MySQL Shell 8.0\bin\;C:\Users\Francisco Castillo.000\AppData\Local\Microsoft\WindowsApps;;C:\Users\Francisco Castillo.000\AppData\Local\Programs\Microsoft VS Code\bin;C:\Users\Francisco Castillo.000\.dotnet\tools
USERNAME=Francisco Castillo
OS=Windows_NT
PROCESSOR_IDENTIFIER=AMD64 Family 23 Model 24 Stepping 1, AuthenticAMD



---------------  S Y S T E M  ---------------

OS: Windows 11 , 64 bit Build 22621 (10.0.22621.1635)
OS uptime: 0 days 12:58 hours

CPU:total 8 (initial active 8) (8 cores per cpu, 2 threads per core) family 23 model 24 stepping 1 microcode 0x0, cmov, cx8, fxsr, mmx, sse, sse2, sse3, ssse3, sse4.1, sse4.2, popcnt, avx, avx2, aes, clmul, mmxext, 3dnowpref, lzcnt, sse4a, ht, tsc, tscinvbit, tscinv, bmi1, bmi2, adx, sha, fma

Memory: 4k page, system-wide physical 6030M (67M free)
TotalPageFile size 24462M (AvailPageFile size 0M)
current process WorkingSet (physical memory assigned to process): 2752M, peak: 2776M
current process commit charge ("private bytes"): 16695M, peak: 16696M

vm_info: OpenJDK 64-Bit Server VM (11.0.14.1+1) for windows-amd64 JRE (11.0.14.1+1), built on Feb  9 2022 01:48:27 by "" with unknown MS VC++:1916

END.
